19:16:36.278 [main] DEBUG c.f.o.d.B.selectBorrowApplyAuditAndPassCount - ooo Using Connection [ProxyConnection[PooledConnection[com.mysql.jdbc.JDBC4Connection@24f8d943]]]
19:16:36.283 [main] DEBUG c.f.o.d.B.selectBorrowApplyAuditAndPassCount - ==>  Preparing: select count(*) from t_borrow_apply where state=2 and borrow_time is null and audit_time is not null 
19:16:36.301 [main] DEBUG c.f.o.d.B.selectBorrowApplyAuditAndPassCount - ==> Parameters: 
19:16:36.312 [main] DEBUG c.f.o.d.B.selectBorrowApplyAuditAndPassCount - <==      Total: 1
19:16:36.316 [main] DEBUG c.f.o.d.B.selectBorrowApplyAuditAndPass - ooo Using Connection [ProxyConnection[PooledConnection[com.mysql.jdbc.JDBC4Connection@24f8d943]]]
19:16:36.316 [main] DEBUG c.f.o.d.B.selectBorrowApplyAuditAndPass - ==>  Preparing: select t_borrow_apply.*,t_item_type.name as itemTypeName,staff_name as borrowerName,t_department.name as departmentName from t_borrow_apply,t_item_type,t_staff,t_department where state=2 and borrow_time is null and audit_time is not null and t_item_type.name=(select name from t_item_type where id=item_type_id) and staff_name=(select staff_name from t_staff where id=borrower) and t_department.name=(select t_department.name from t_department where id=borrow_department_id) order by audit_time limit ?,? 
19:16:36.317 [main] DEBUG c.f.o.d.B.selectBorrowApplyAuditAndPass - ==> Parameters: 0(Integer), 5(Integer)
19:16:36.328 [main] DEBUG c.f.o.d.B.selectBorrowApplyAuditAndPass - <==      Total: 3
19:19:43.927 [main] DEBUG c.f.o.d.B.selectBorrowApplyById - ooo Using Connection [ProxyConnection[PooledConnection[com.mysql.jdbc.JDBC4Connection@4a1b594d]]]
19:19:43.932 [main] DEBUG c.f.o.d.B.selectBorrowApplyById - ==>  Preparing: select * from t_borrow_apply where id=? 
19:19:43.951 [main] DEBUG c.f.o.d.B.selectBorrowApplyById - ==> Parameters: (String)
19:19:43.961 [main] DEBUG c.f.o.d.B.selectBorrowApplyById - <==      Total: 0
19:19:43.962 [main] DEBUG c.f.o.d.I.selectTableKeyByTableName - ooo Using Connection [ProxyConnection[PooledConnection[com.mysql.jdbc.JDBC4Connection@4a1b594d]]]
19:19:43.962 [main] DEBUG c.f.o.d.I.selectTableKeyByTableName - ==>  Preparing: select table_key from t_sys_table_key where table_name = ? 
19:19:43.962 [main] DEBUG c.f.o.d.I.selectTableKeyByTableName - ==> Parameters: outStorageCheckIn(String)
19:19:43.963 [main] DEBUG c.f.o.d.I.selectTableKeyByTableName - <==      Total: 1
19:19:43.990 [main] DEBUG c.f.o.d.I.updateByPrimaryKeySelective - ooo Using Connection [ProxyConnection[PooledConnection[com.mysql.jdbc.JDBC4Connection@4a1b594d]]]
19:19:43.991 [main] DEBUG c.f.o.d.I.updateByPrimaryKeySelective - ==>  Preparing: update t_sys_table_key SET table_key = ? where table_name = ? 
19:19:43.991 [main] DEBUG c.f.o.d.I.updateByPrimaryKeySelective - ==> Parameters: os001606170000(String), outStorageCheckIn(String)
19:19:44.016 [main] DEBUG c.f.o.d.I.updateByPrimaryKeySelective - <==    Updates: 1
19:21:44.121 [main] DEBUG c.f.o.d.B.selectBorrowApplyByIdList - ooo Using Connection [ProxyConnection[PooledConnection[com.mysql.jdbc.JDBC4Connection@4a1b594d]]]
19:21:44.126 [main] DEBUG c.f.o.d.B.selectBorrowApplyByIdList - ==>  Preparing: select * from t_borrow_apply where id in ( ? , ? , ? ) 
19:21:44.144 [main] DEBUG c.f.o.d.B.selectBorrowApplyByIdList - ==> Parameters: 7(String), 8(String), 9(String)
19:21:44.186 [main] DEBUG c.f.o.d.B.selectBorrowApplyByIdList - <==      Total: 3
19:21:44.187 [main] DEBUG c.f.o.d.O.insertOutStorageCheckInPl - ooo Using Connection [ProxyConnection[PooledConnection[com.mysql.jdbc.JDBC4Connection@4a1b594d]]]
19:21:44.187 [main] DEBUG c.f.o.d.O.insertOutStorageCheckInPl - ==>  Preparing: insert into t_out_storage_check_in(id,out_storage_date,out_storage_type_id,recipienter,department_id,operater_id,apply_id,total_number,total_monney,remark) values 
19:21:44.187 [main] DEBUG c.f.o.d.O.insertOutStorageCheckInPl - ==> Parameters: 
19:34:57.526 [main] DEBUG c.f.o.d.B.selectBorrowApplyByIdList - ooo Using Connection [ProxyConnection[PooledConnection[com.mysql.jdbc.JDBC4Connection@66ae5d9d]]]
19:34:57.531 [main] DEBUG c.f.o.d.B.selectBorrowApplyByIdList - ==>  Preparing: select * from t_borrow_apply where id in ( ? , ? , ? ) 
19:34:57.549 [main] DEBUG c.f.o.d.B.selectBorrowApplyByIdList - ==> Parameters: 7(String), 8(String), 9(String)
19:34:57.567 [main] DEBUG c.f.o.d.B.selectBorrowApplyByIdList - <==      Total: 3
19:34:57.568 [main] DEBUG c.f.o.d.O.insertOutStorageCheckInPl - ooo Using Connection [ProxyConnection[PooledConnection[com.mysql.jdbc.JDBC4Connection@66ae5d9d]]]
19:34:57.568 [main] DEBUG c.f.o.d.O.insertOutStorageCheckInPl - ==>  Preparing: insert into t_out_storage_check_in(id,out_storage_date,out_storage_type_id,recipienter,department_id,operater_id,apply_id,total_number,total_monney,remark) values 
19:34:57.568 [main] DEBUG c.f.o.d.O.insertOutStorageCheckInPl - ==> Parameters: 
19:37:39.216 [main] DEBUG c.f.o.d.B.selectBorrowApplyByIdList - ooo Using Connection [ProxyConnection[PooledConnection[com.mysql.jdbc.JDBC4Connection@4a1b594d]]]
19:37:39.221 [main] DEBUG c.f.o.d.B.selectBorrowApplyByIdList - ==>  Preparing: select * from t_borrow_apply where id in ( ? , ? , ? ) 
19:37:39.239 [main] DEBUG c.f.o.d.B.selectBorrowApplyByIdList - ==> Parameters: 7(String), 8(String), 9(String)
19:37:39.257 [main] DEBUG c.f.o.d.B.selectBorrowApplyByIdList - <==      Total: 3
19:37:39.258 [main] DEBUG c.f.o.d.O.insertOutStorageCheckInPl - ooo Using Connection [ProxyConnection[PooledConnection[com.mysql.jdbc.JDBC4Connection@4a1b594d]]]
19:37:39.258 [main] DEBUG c.f.o.d.O.insertOutStorageCheckInPl - ==>  Preparing: insert into t_out_storage_check_in(id,out_storage_date,out_storage_type_id,recipienter,department_id,operater_id,apply_id,total_number,total_monney,remark) values 
19:37:39.259 [main] DEBUG c.f.o.d.O.insertOutStorageCheckInPl - ==> Parameters: 
19:38:16.512 [main] DEBUG c.f.o.d.B.selectBorrowApplyByIdList - ooo Using Connection [ProxyConnection[PooledConnection[com.mysql.jdbc.JDBC4Connection@4983f43d]]]
19:38:16.517 [main] DEBUG c.f.o.d.B.selectBorrowApplyByIdList - ==>  Preparing: select * from t_borrow_apply where id in ( ? , ? , ? ) 
19:38:16.534 [main] DEBUG c.f.o.d.B.selectBorrowApplyByIdList - ==> Parameters: 7(String), 8(String), 9(String)
19:38:16.553 [main] DEBUG c.f.o.d.B.selectBorrowApplyByIdList - <==      Total: 3
19:38:16.554 [main] DEBUG c.f.o.d.O.insertOutStorageCheckInPl - ooo Using Connection [ProxyConnection[PooledConnection[com.mysql.jdbc.JDBC4Connection@4983f43d]]]
19:38:16.554 [main] DEBUG c.f.o.d.O.insertOutStorageCheckInPl - ==>  Preparing: insert into t_out_storage_check_in(id,out_storage_date,out_storage_type_id,recipienter,department_id,operater_id,apply_id,total_number,total_monney,remark) values 
19:38:16.554 [main] DEBUG c.f.o.d.O.insertOutStorageCheckInPl - ==> Parameters: 
19:41:40.709 [main] DEBUG c.f.o.d.B.selectBorrowApplyAuditAndPassCount - ooo Using Connection [ProxyConnection[PooledConnection[com.mysql.jdbc.JDBC4Connection@25cb24d]]]
19:41:40.713 [main] DEBUG c.f.o.d.B.selectBorrowApplyAuditAndPassCount - ==>  Preparing: select count(*) from t_borrow_apply where state=2 and borrow_time is null and audit_time is not null 
19:41:40.730 [main] DEBUG c.f.o.d.B.selectBorrowApplyAuditAndPassCount - ==> Parameters: 
19:41:40.741 [main] DEBUG c.f.o.d.B.selectBorrowApplyAuditAndPassCount - <==      Total: 1
19:41:40.744 [main] DEBUG c.f.o.d.B.selectBorrowApplyAuditAndPass - ooo Using Connection [ProxyConnection[PooledConnection[com.mysql.jdbc.JDBC4Connection@25cb24d]]]
19:41:40.744 [main] DEBUG c.f.o.d.B.selectBorrowApplyAuditAndPass - ==>  Preparing: select t_borrow_apply.*,t_item_type.name as itemTypeName,staff_name as borrowerName,t_department.name as departmentName from t_borrow_apply,t_item_type,t_staff,t_department where state=2 and borrow_time is null and audit_time is not null and t_item_type.name=(select name from t_item_type where id=item_type_id) and staff_name=(select staff_name from t_staff where id=borrower) and t_department.name=(select t_department.name from t_department where id=borrow_department_id) order by audit_time limit ?,? 
19:41:40.745 [main] DEBUG c.f.o.d.B.selectBorrowApplyAuditAndPass - ==> Parameters: 0(Integer), 5(Integer)
19:41:40.756 [main] DEBUG c.f.o.d.B.selectBorrowApplyAuditAndPass - <==      Total: 3
19:43:53.481 [main] DEBUG c.f.o.d.B.selectBorrowApplyById - ooo Using Connection [ProxyConnection[PooledConnection[com.mysql.jdbc.JDBC4Connection@6f764a1c]]]
19:43:53.488 [main] DEBUG c.f.o.d.B.selectBorrowApplyById - ==>  Preparing: select * from t_borrow_apply where id=? 
19:43:53.511 [main] DEBUG c.f.o.d.B.selectBorrowApplyById - ==> Parameters: 7(String)
19:43:53.530 [main] DEBUG c.f.o.d.B.selectBorrowApplyById - <==      Total: 1
19:43:53.531 [main] DEBUG c.f.o.d.I.selectTableKeyByTableName - ooo Using Connection [ProxyConnection[PooledConnection[com.mysql.jdbc.JDBC4Connection@6f764a1c]]]
19:43:53.531 [main] DEBUG c.f.o.d.I.selectTableKeyByTableName - ==>  Preparing: select table_key from t_sys_table_key where table_name = ? 
19:43:53.531 [main] DEBUG c.f.o.d.I.selectTableKeyByTableName - ==> Parameters: outStorageCheckIn(String)
19:43:53.532 [main] DEBUG c.f.o.d.I.selectTableKeyByTableName - <==      Total: 1
19:43:53.567 [main] DEBUG c.f.o.d.I.updateByPrimaryKeySelective - ooo Using Connection [ProxyConnection[PooledConnection[com.mysql.jdbc.JDBC4Connection@6f764a1c]]]
19:43:53.567 [main] DEBUG c.f.o.d.I.updateByPrimaryKeySelective - ==>  Preparing: update t_sys_table_key SET table_key = ? where table_name = ? 
19:43:53.567 [main] DEBUG c.f.o.d.I.updateByPrimaryKeySelective - ==> Parameters: os001606170000(String), outStorageCheckIn(String)
19:43:53.606 [main] DEBUG c.f.o.d.I.updateByPrimaryKeySelective - <==    Updates: 1
19:43:53.606 [main] DEBUG c.f.o.d.O.insertOutStorageCheckIn - ooo Using Connection [ProxyConnection[PooledConnection[com.mysql.jdbc.JDBC4Connection@6f764a1c]]]
19:43:53.606 [main] DEBUG c.f.o.d.O.insertOutStorageCheckIn - ==>  Preparing: insert into t_out_storage_check_in(id,out_storage_type_id,recipienter,department_id,operater_id,apply_id,total_number,total_monney,remark) values (?,?,?, ?,?,?,?,?,?) 
19:43:53.607 [main] DEBUG c.f.o.d.O.insertOutStorageCheckIn - ==> Parameters: os001606170000(String), 1(Short), 2(String), 2(String), 2(String), it001605150000(String), 3(Long), 30.0(Double), null
19:43:53.608 [main] DEBUG c.f.o.d.O.insertOutStorageCheckIn - <==    Updates: 1
19:43:53.608 [main] DEBUG c.f.o.dao.ItemDao.selectItemById - ooo Using Connection [ProxyConnection[PooledConnection[com.mysql.jdbc.JDBC4Connection@6f764a1c]]]
19:43:53.609 [main] DEBUG c.f.o.dao.ItemDao.selectItemById - ==>  Preparing: select * from t_item where item_id=? 
19:43:53.609 [main] DEBUG c.f.o.dao.ItemDao.selectItemById - ==> Parameters: it001605150000(String)
19:43:53.611 [main] DEBUG c.f.o.dao.ItemDao.selectItemById - <==      Total: 1
19:43:53.611 [main] DEBUG c.f.o.d.D.insertDepartmentRecipientSummary - ooo Using Connection [ProxyConnection[PooledConnection[com.mysql.jdbc.JDBC4Connection@6f764a1c]]]
19:43:53.611 [main] DEBUG c.f.o.d.D.insertDepartmentRecipientSummary - ==>  Preparing: insert into t_department_recipient_summary(id,department_id,out_storage_check_in_id,item_id, item_name,spec,item_type_id,measure_unit_id,number,price,monney,out_storage_id,remark) values(?,?,?,?,?,?,?,?, ?,?,?,?,?) 
19:43:53.612 [main] DEBUG c.f.o.d.D.insertDepartmentRecipientSummary - ==> Parameters: null, 2(String), os001606170000(String), it001605150000(String), 铅笔(String), 支(String), 1(String), 2(String), 3(Long), 10.0(Double), 30.0(Double), 1(Short), null
19:43:53.613 [main] DEBUG c.f.o.d.D.insertDepartmentRecipientSummary - <==    Updates: 1
19:43:53.613 [main] DEBUG c.f.o.dao.ItemDao.selectItemById - ooo Using Connection [ProxyConnection[PooledConnection[com.mysql.jdbc.JDBC4Connection@6f764a1c]]]
19:43:53.613 [main] DEBUG c.f.o.dao.ItemDao.selectItemById - ==>  Preparing: select * from t_item where item_id=? 
19:43:53.614 [main] DEBUG c.f.o.dao.ItemDao.selectItemById - ==> Parameters: it001605150000(String)
19:43:53.615 [main] DEBUG c.f.o.dao.ItemDao.selectItemById - <==      Total: 1
19:43:53.615 [main] DEBUG c.f.o.d.S.insertStaffRecipientSummary - ooo Using Connection [ProxyConnection[PooledConnection[com.mysql.jdbc.JDBC4Connection@6f764a1c]]]
19:43:53.615 [main] DEBUG c.f.o.d.S.insertStaffRecipientSummary - ==>  Preparing: insert into t_staff_recipient_summary(id,staff_id,out_storage_check_in_id,item_id, item_name,spec,item_type_id,measure_unit_id,number,price,monney,out_storage_id,remark) values(?,?,?,?,?,?,?,?, ?,?,?,?,?) 
19:43:53.616 [main] DEBUG c.f.o.d.S.insertStaffRecipientSummary - ==> Parameters: null, 2(String), os001606170000(String), it001605150000(String), 铅笔(String), 支(String), 1(String), 2(String), 3(Long), 10.0(Double), 30.0(Double), null, null
19:43:53.617 [main] DEBUG c.f.o.d.S.insertStaffRecipientSummary - <==    Updates: 1
19:43:53.619 [main] DEBUG c.f.o.d.I.updateSubItemClassificationSummaryByItemIdAndPrice - ooo Using Connection [ProxyConnection[PooledConnection[com.mysql.jdbc.JDBC4Connection@6f764a1c]]]
19:43:53.619 [main] DEBUG c.f.o.d.I.updateSubItemClassificationSummaryByItemIdAndPrice - ==>  Preparing: update t_item_classification_summary set inventory=inventory-?,inventory_monney=inventory_monney-price*? where item_id=? and price=? 
19:43:53.620 [main] DEBUG c.f.o.d.I.updateSubItemClassificationSummaryByItemIdAndPrice - ==> Parameters: 3(Long), 3(Long), it001605150000(String), 10.0(Double)
19:43:53.621 [main] DEBUG c.f.o.d.I.updateSubItemClassificationSummaryByItemIdAndPrice - <==    Updates: 1
19:43:53.622 [main] DEBUG c.f.o.d.T.updateSubTransfiniteInventoryByItemId - ooo Using Connection [ProxyConnection[PooledConnection[com.mysql.jdbc.JDBC4Connection@6f764a1c]]]
19:43:53.622 [main] DEBUG c.f.o.d.T.updateSubTransfiniteInventoryByItemId - ==>  Preparing: update t_transfinite_inventory_warning set inventory=inventory-? where item_id=? 
19:43:53.623 [main] DEBUG c.f.o.d.T.updateSubTransfiniteInventoryByItemId - ==> Parameters: 3(Long), it001605150000(String)
19:43:53.623 [main] DEBUG c.f.o.d.T.updateSubTransfiniteInventoryByItemId - <==    Updates: 1
19:43:53.626 [main] DEBUG c.f.o.d.B.updateBorrowApply - ooo Using Connection [ProxyConnection[PooledConnection[com.mysql.jdbc.JDBC4Connection@6f764a1c]]]
19:43:53.626 [main] DEBUG c.f.o.d.B.updateBorrowApply - ==>  Preparing: update t_borrow_apply SET item_id=?, item_name=?, item_type_id=?, spec=?, borrow_num=?, price=?, monney=?, borrow_time=?, borrow_department_id=?, borrower=?, audit_time=?, auditor=?, state=?, is_return=?, is_display=?, is_valid=?, apply_time=?, is_return=? where id=? 
19:43:53.627 [main] DEBUG c.f.o.d.B.updateBorrowApply - ==> Parameters: it001605150000(String), 铅笔(String), 1(String), 支(String), 3(Long), 10.0(Double), 30.0(Double), 2016-06-17 19:43:53.623(Timestamp), 2(Integer), 2(String), 2016-05-24 19:48:52.0(Timestamp), 1(String), 2(Short), 0(Short), 0(Short), 0(Short), 2016-06-17 19:40:49.0(Timestamp), 0(Short), 7(String)
19:43:53.628 [main] DEBUG c.f.o.d.B.updateBorrowApply - <==    Updates: 1
19:55:50.010 [main] DEBUG c.f.o.d.B.selectBorrowApplyByIdList - ooo Using Connection [ProxyConnection[PooledConnection[com.mysql.jdbc.JDBC4Connection@281a78d0]]]
19:55:50.015 [main] DEBUG c.f.o.d.B.selectBorrowApplyByIdList - ==>  Preparing: select * from t_borrow_apply where id in ( ? , ? , ? ) 
19:55:50.033 [main] DEBUG c.f.o.d.B.selectBorrowApplyByIdList - ==> Parameters: 7(String), 8(String), 9(String)
19:55:50.051 [main] DEBUG c.f.o.d.B.selectBorrowApplyByIdList - <==      Total: 3
19:55:50.052 [main] DEBUG c.f.o.d.O.insertOutStorageCheckInPl - ooo Using Connection [ProxyConnection[PooledConnection[com.mysql.jdbc.JDBC4Connection@281a78d0]]]
19:55:50.052 [main] DEBUG c.f.o.d.O.insertOutStorageCheckInPl - ==>  Preparing: insert into t_out_storage_check_in(id,out_storage_date,out_storage_type_id,recipienter,department_id,operater_id,apply_id,total_number,total_monney,remark) values 
19:55:50.052 [main] DEBUG c.f.o.d.O.insertOutStorageCheckInPl - ==> Parameters: 
20:07:30.803 [main] DEBUG c.f.o.d.B.selectBorrowApplyByIdList - ooo Using Connection [ProxyConnection[PooledConnection[com.mysql.jdbc.JDBC4Connection@61f1b441]]]
20:07:30.809 [main] DEBUG c.f.o.d.B.selectBorrowApplyByIdList - ==>  Preparing: select * from t_borrow_apply where id in ( ? , ? , ? ) 
20:07:30.827 [main] DEBUG c.f.o.d.B.selectBorrowApplyByIdList - ==> Parameters: 7(String), 8(String), 9(String)
20:07:30.846 [main] DEBUG c.f.o.d.B.selectBorrowApplyByIdList - <==      Total: 3
20:07:30.847 [main] DEBUG c.f.o.d.I.selectTableKeyByTableName - ooo Using Connection [ProxyConnection[PooledConnection[com.mysql.jdbc.JDBC4Connection@61f1b441]]]
20:07:30.848 [main] DEBUG c.f.o.d.I.selectTableKeyByTableName - ==>  Preparing: select table_key from t_sys_table_key where table_name = ? 
20:07:30.848 [main] DEBUG c.f.o.d.I.selectTableKeyByTableName - ==> Parameters: outStorageCheckIn(String)
20:07:30.849 [main] DEBUG c.f.o.d.I.selectTableKeyByTableName - <==      Total: 1
20:07:30.856 [main] DEBUG c.f.o.d.I.updateByPrimaryKeySelective - ooo Using Connection [ProxyConnection[PooledConnection[com.mysql.jdbc.JDBC4Connection@61f1b441]]]
20:07:30.856 [main] DEBUG c.f.o.d.I.updateByPrimaryKeySelective - ==>  Preparing: update t_sys_table_key SET table_key = ? where table_name = ? 
20:07:30.857 [main] DEBUG c.f.o.d.I.updateByPrimaryKeySelective - ==> Parameters: os001606170001(String), outStorageCheckIn(String)
20:07:30.857 [main] DEBUG c.f.o.d.I.updateByPrimaryKeySelective - <==    Updates: 1
20:07:30.860 [main] DEBUG c.f.o.d.I.updateSubItemClassificationSummaryByItemIdAndPrice - ooo Using Connection [ProxyConnection[PooledConnection[com.mysql.jdbc.JDBC4Connection@61f1b441]]]
20:07:30.860 [main] DEBUG c.f.o.d.I.updateSubItemClassificationSummaryByItemIdAndPrice - ==>  Preparing: update t_item_classification_summary set inventory=inventory-?,inventory_monney=inventory_monney-price*? where item_id=? and price=? 
20:07:30.860 [main] DEBUG c.f.o.d.I.updateSubItemClassificationSummaryByItemIdAndPrice - ==> Parameters: 3(Long), 3(Long), it001605150000(String), 10.0(Double)
20:07:30.861 [main] DEBUG c.f.o.d.I.updateSubItemClassificationSummaryByItemIdAndPrice - <==    Updates: 1
20:07:30.862 [main] DEBUG c.f.o.d.T.updateSubTransfiniteInventoryByItemId - ooo Using Connection [ProxyConnection[PooledConnection[com.mysql.jdbc.JDBC4Connection@61f1b441]]]
20:07:30.862 [main] DEBUG c.f.o.d.T.updateSubTransfiniteInventoryByItemId - ==>  Preparing: update t_transfinite_inventory_warning set inventory=inventory-? where item_id=? 
20:07:30.862 [main] DEBUG c.f.o.d.T.updateSubTransfiniteInventoryByItemId - ==> Parameters: 3(Long), it001605150000(String)
20:07:30.863 [main] DEBUG c.f.o.d.T.updateSubTransfiniteInventoryByItemId - <==    Updates: 1
20:07:30.863 [main] DEBUG c.f.o.dao.ItemDao.selectItemById - ooo Using Connection [ProxyConnection[PooledConnection[com.mysql.jdbc.JDBC4Connection@61f1b441]]]
20:07:30.863 [main] DEBUG c.f.o.dao.ItemDao.selectItemById - ==>  Preparing: select * from t_item where item_id=? 
20:07:30.864 [main] DEBUG c.f.o.dao.ItemDao.selectItemById - ==> Parameters: it001605150000(String)
20:07:30.865 [main] DEBUG c.f.o.dao.ItemDao.selectItemById - <==      Total: 1
20:07:30.866 [main] DEBUG c.f.o.d.D.insertDepartmentRecipientSummary - ooo Using Connection [ProxyConnection[PooledConnection[com.mysql.jdbc.JDBC4Connection@61f1b441]]]
20:07:30.866 [main] DEBUG c.f.o.d.D.insertDepartmentRecipientSummary - ==>  Preparing: insert into t_department_recipient_summary(id,department_id,out_storage_check_in_id,item_id, item_name,spec,item_type_id,measure_unit_id,number,price,monney,out_storage_id,remark) values(?,?,?,?,?,?,?,?, ?,?,?,?,?) 
20:07:30.867 [main] DEBUG c.f.o.d.D.insertDepartmentRecipientSummary - ==> Parameters: null, 2(String), os001606170001(String), it001605150000(String), 铅笔(String), 支(String), 1(String), 2(String), 3(Long), 10.0(Double), 30.0(Double), 1(Short), null
20:07:30.867 [main] DEBUG c.f.o.d.D.insertDepartmentRecipientSummary - <==    Updates: 1
20:07:30.868 [main] DEBUG c.f.o.dao.ItemDao.selectItemById - ooo Using Connection [ProxyConnection[PooledConnection[com.mysql.jdbc.JDBC4Connection@61f1b441]]]
20:07:30.868 [main] DEBUG c.f.o.dao.ItemDao.selectItemById - ==>  Preparing: select * from t_item where item_id=? 
20:07:30.868 [main] DEBUG c.f.o.dao.ItemDao.selectItemById - ==> Parameters: it001605150000(String)
20:07:30.869 [main] DEBUG c.f.o.dao.ItemDao.selectItemById - <==      Total: 1
20:07:30.870 [main] DEBUG c.f.o.d.S.insertStaffRecipientSummary - ooo Using Connection [ProxyConnection[PooledConnection[com.mysql.jdbc.JDBC4Connection@61f1b441]]]
20:07:30.870 [main] DEBUG c.f.o.d.S.insertStaffRecipientSummary - ==>  Preparing: insert into t_staff_recipient_summary(id,staff_id,out_storage_check_in_id,item_id, item_name,spec,item_type_id,measure_unit_id,number,price,monney,out_storage_id,remark) values(?,?,?,?,?,?,?,?, ?,?,?,?,?) 
20:07:30.870 [main] DEBUG c.f.o.d.S.insertStaffRecipientSummary - ==> Parameters: null, 2(String), os001606170001(String), it001605150000(String), 铅笔(String), 支(String), 1(String), 2(String), 3(Long), 10.0(Double), 30.0(Double), null, null
20:07:30.871 [main] DEBUG c.f.o.d.S.insertStaffRecipientSummary - <==    Updates: 1
20:07:30.871 [main] DEBUG c.f.o.d.I.selectTableKeyByTableName - ooo Using Connection [ProxyConnection[PooledConnection[com.mysql.jdbc.JDBC4Connection@61f1b441]]]
20:07:30.871 [main] DEBUG c.f.o.d.I.selectTableKeyByTableName - ==>  Preparing: select table_key from t_sys_table_key where table_name = ? 
20:07:30.872 [main] DEBUG c.f.o.d.I.selectTableKeyByTableName - ==> Parameters: outStorageCheckIn(String)
20:07:30.872 [main] DEBUG c.f.o.d.I.selectTableKeyByTableName - <==      Total: 1
20:07:30.873 [main] DEBUG c.f.o.d.I.updateByPrimaryKeySelective - ooo Using Connection [ProxyConnection[PooledConnection[com.mysql.jdbc.JDBC4Connection@61f1b441]]]
20:07:30.873 [main] DEBUG c.f.o.d.I.updateByPrimaryKeySelective - ==>  Preparing: update t_sys_table_key SET table_key = ? where table_name = ? 
20:07:30.873 [main] DEBUG c.f.o.d.I.updateByPrimaryKeySelective - ==> Parameters: os001606170002(String), outStorageCheckIn(String)
20:07:30.874 [main] DEBUG c.f.o.d.I.updateByPrimaryKeySelective - <==    Updates: 1
20:07:30.874 [main] DEBUG c.f.o.d.I.updateSubItemClassificationSummaryByItemIdAndPrice - ooo Using Connection [ProxyConnection[PooledConnection[com.mysql.jdbc.JDBC4Connection@61f1b441]]]
20:07:30.874 [main] DEBUG c.f.o.d.I.updateSubItemClassificationSummaryByItemIdAndPrice - ==>  Preparing: update t_item_classification_summary set inventory=inventory-?,inventory_monney=inventory_monney-price*? where item_id=? and price=? 
20:07:30.874 [main] DEBUG c.f.o.d.I.updateSubItemClassificationSummaryByItemIdAndPrice - ==> Parameters: 1(Long), 1(Long), it001605150000(String), 10.0(Double)
20:07:30.875 [main] DEBUG c.f.o.d.I.updateSubItemClassificationSummaryByItemIdAndPrice - <==    Updates: 1
20:07:30.875 [main] DEBUG c.f.o.d.T.updateSubTransfiniteInventoryByItemId - ooo Using Connection [ProxyConnection[PooledConnection[com.mysql.jdbc.JDBC4Connection@61f1b441]]]
20:07:30.875 [main] DEBUG c.f.o.d.T.updateSubTransfiniteInventoryByItemId - ==>  Preparing: update t_transfinite_inventory_warning set inventory=inventory-? where item_id=? 
20:07:30.875 [main] DEBUG c.f.o.d.T.updateSubTransfiniteInventoryByItemId - ==> Parameters: 1(Long), it001605150000(String)
20:07:30.876 [main] DEBUG c.f.o.d.T.updateSubTransfiniteInventoryByItemId - <==    Updates: 1
20:07:30.876 [main] DEBUG c.f.o.dao.ItemDao.selectItemById - ooo Using Connection [ProxyConnection[PooledConnection[com.mysql.jdbc.JDBC4Connection@61f1b441]]]
20:07:30.877 [main] DEBUG c.f.o.dao.ItemDao.selectItemById - ==>  Preparing: select * from t_item where item_id=? 
20:07:30.877 [main] DEBUG c.f.o.dao.ItemDao.selectItemById - ==> Parameters: it001605150000(String)
20:07:30.878 [main] DEBUG c.f.o.dao.ItemDao.selectItemById - <==      Total: 1
20:07:30.879 [main] DEBUG c.f.o.d.D.insertDepartmentRecipientSummary - ooo Using Connection [ProxyConnection[PooledConnection[com.mysql.jdbc.JDBC4Connection@61f1b441]]]
20:07:30.879 [main] DEBUG c.f.o.d.D.insertDepartmentRecipientSummary - ==>  Preparing: insert into t_department_recipient_summary(id,department_id,out_storage_check_in_id,item_id, item_name,spec,item_type_id,measure_unit_id,number,price,monney,out_storage_id,remark) values(?,?,?,?,?,?,?,?, ?,?,?,?,?) 
20:07:30.880 [main] DEBUG c.f.o.d.D.insertDepartmentRecipientSummary - ==> Parameters: null, 2(String), os001606170002(String), it001605150000(String), 物品名称(String), 啦啦啦(String), 1(String), 2(String), 1(Long), 10.0(Double), 10.0(Double), 1(Short), null
20:07:30.881 [main] DEBUG c.f.o.d.D.insertDepartmentRecipientSummary - <==    Updates: 1
20:07:30.881 [main] DEBUG c.f.o.dao.ItemDao.selectItemById - ooo Using Connection [ProxyConnection[PooledConnection[com.mysql.jdbc.JDBC4Connection@61f1b441]]]
20:07:30.881 [main] DEBUG c.f.o.dao.ItemDao.selectItemById - ==>  Preparing: select * from t_item where item_id=? 
20:07:30.882 [main] DEBUG c.f.o.dao.ItemDao.selectItemById - ==> Parameters: it001605150000(String)
20:07:30.884 [main] DEBUG c.f.o.dao.ItemDao.selectItemById - <==      Total: 1
20:07:30.884 [main] DEBUG c.f.o.d.S.insertStaffRecipientSummary - ooo Using Connection [ProxyConnection[PooledConnection[com.mysql.jdbc.JDBC4Connection@61f1b441]]]
20:07:30.885 [main] DEBUG c.f.o.d.S.insertStaffRecipientSummary - ==>  Preparing: insert into t_staff_recipient_summary(id,staff_id,out_storage_check_in_id,item_id, item_name,spec,item_type_id,measure_unit_id,number,price,monney,out_storage_id,remark) values(?,?,?,?,?,?,?,?, ?,?,?,?,?) 
20:07:30.885 [main] DEBUG c.f.o.d.S.insertStaffRecipientSummary - ==> Parameters: null, 2(String), os001606170002(String), it001605150000(String), 物品名称(String), 啦啦啦(String), 1(String), 2(String), 1(Long), 10.0(Double), 10.0(Double), null, null
20:07:30.886 [main] DEBUG c.f.o.d.S.insertStaffRecipientSummary - <==    Updates: 1
20:07:30.886 [main] DEBUG c.f.o.d.I.selectTableKeyByTableName - ooo Using Connection [ProxyConnection[PooledConnection[com.mysql.jdbc.JDBC4Connection@61f1b441]]]
20:07:30.886 [main] DEBUG c.f.o.d.I.selectTableKeyByTableName - ==>  Preparing: select table_key from t_sys_table_key where table_name = ? 
20:07:30.886 [main] DEBUG c.f.o.d.I.selectTableKeyByTableName - ==> Parameters: outStorageCheckIn(String)
20:07:30.887 [main] DEBUG c.f.o.d.I.selectTableKeyByTableName - <==      Total: 1
20:07:30.888 [main] DEBUG c.f.o.d.I.updateByPrimaryKeySelective - ooo Using Connection [ProxyConnection[PooledConnection[com.mysql.jdbc.JDBC4Connection@61f1b441]]]
20:07:30.888 [main] DEBUG c.f.o.d.I.updateByPrimaryKeySelective - ==>  Preparing: update t_sys_table_key SET table_key = ? where table_name = ? 
20:07:30.888 [main] DEBUG c.f.o.d.I.updateByPrimaryKeySelective - ==> Parameters: os001606170003(String), outStorageCheckIn(String)
20:07:30.888 [main] DEBUG c.f.o.d.I.updateByPrimaryKeySelective - <==    Updates: 1
20:07:30.889 [main] DEBUG c.f.o.d.I.updateSubItemClassificationSummaryByItemIdAndPrice - ooo Using Connection [ProxyConnection[PooledConnection[com.mysql.jdbc.JDBC4Connection@61f1b441]]]
20:07:30.889 [main] DEBUG c.f.o.d.I.updateSubItemClassificationSummaryByItemIdAndPrice - ==>  Preparing: update t_item_classification_summary set inventory=inventory-?,inventory_monney=inventory_monney-price*? where item_id=? and price=? 
20:07:30.889 [main] DEBUG c.f.o.d.I.updateSubItemClassificationSummaryByItemIdAndPrice - ==> Parameters: 1(Long), 1(Long), it001605150000(String), 10.0(Double)
20:07:30.890 [main] DEBUG c.f.o.d.I.updateSubItemClassificationSummaryByItemIdAndPrice - <==    Updates: 1
20:07:30.890 [main] DEBUG c.f.o.d.T.updateSubTransfiniteInventoryByItemId - ooo Using Connection [ProxyConnection[PooledConnection[com.mysql.jdbc.JDBC4Connection@61f1b441]]]
20:07:30.890 [main] DEBUG c.f.o.d.T.updateSubTransfiniteInventoryByItemId - ==>  Preparing: update t_transfinite_inventory_warning set inventory=inventory-? where item_id=? 
20:07:30.891 [main] DEBUG c.f.o.d.T.updateSubTransfiniteInventoryByItemId - ==> Parameters: 1(Long), it001605150000(String)
20:07:30.893 [main] DEBUG c.f.o.d.T.updateSubTransfiniteInventoryByItemId - <==    Updates: 1
20:07:30.894 [main] DEBUG c.f.o.dao.ItemDao.selectItemById - ooo Using Connection [ProxyConnection[PooledConnection[com.mysql.jdbc.JDBC4Connection@61f1b441]]]
20:07:30.894 [main] DEBUG c.f.o.dao.ItemDao.selectItemById - ==>  Preparing: select * from t_item where item_id=? 
20:07:30.894 [main] DEBUG c.f.o.dao.ItemDao.selectItemById - ==> Parameters: it001605150000(String)
20:07:30.896 [main] DEBUG c.f.o.dao.ItemDao.selectItemById - <==      Total: 1
20:07:30.896 [main] DEBUG c.f.o.d.D.insertDepartmentRecipientSummary - ooo Using Connection [ProxyConnection[PooledConnection[com.mysql.jdbc.JDBC4Connection@61f1b441]]]
20:07:30.896 [main] DEBUG c.f.o.d.D.insertDepartmentRecipientSummary - ==>  Preparing: insert into t_department_recipient_summary(id,department_id,out_storage_check_in_id,item_id, item_name,spec,item_type_id,measure_unit_id,number,price,monney,out_storage_id,remark) values(?,?,?,?,?,?,?,?, ?,?,?,?,?) 
20:07:30.897 [main] DEBUG c.f.o.d.D.insertDepartmentRecipientSummary - ==> Parameters: null, 2(String), os001606170003(String), it001605150000(String), 物品名称(String), 啦啦啦(String), 1(String), 2(String), 1(Long), 10.0(Double), 10.0(Double), 1(Short), null
20:07:30.897 [main] DEBUG c.f.o.d.D.insertDepartmentRecipientSummary - <==    Updates: 1
20:07:30.898 [main] DEBUG c.f.o.dao.ItemDao.selectItemById - ooo Using Connection [ProxyConnection[PooledConnection[com.mysql.jdbc.JDBC4Connection@61f1b441]]]
20:07:30.898 [main] DEBUG c.f.o.dao.ItemDao.selectItemById - ==>  Preparing: select * from t_item where item_id=? 
20:07:30.898 [main] DEBUG c.f.o.dao.ItemDao.selectItemById - ==> Parameters: it001605150000(String)
20:07:30.900 [main] DEBUG c.f.o.dao.ItemDao.selectItemById - <==      Total: 1
20:07:30.900 [main] DEBUG c.f.o.d.S.insertStaffRecipientSummary - ooo Using Connection [ProxyConnection[PooledConnection[com.mysql.jdbc.JDBC4Connection@61f1b441]]]
20:07:30.900 [main] DEBUG c.f.o.d.S.insertStaffRecipientSummary - ==>  Preparing: insert into t_staff_recipient_summary(id,staff_id,out_storage_check_in_id,item_id, item_name,spec,item_type_id,measure_unit_id,number,price,monney,out_storage_id,remark) values(?,?,?,?,?,?,?,?, ?,?,?,?,?) 
20:07:30.901 [main] DEBUG c.f.o.d.S.insertStaffRecipientSummary - ==> Parameters: null, 2(String), os001606170003(String), it001605150000(String), 物品名称(String), 啦啦啦(String), 1(String), 2(String), 1(Long), 10.0(Double), 10.0(Double), null, null
20:07:30.910 [main] DEBUG c.f.o.d.S.insertStaffRecipientSummary - <==    Updates: 1
20:07:30.913 [main] DEBUG c.f.o.d.O.insertOutStorageCheckInPl - ooo Using Connection [ProxyConnection[PooledConnection[com.mysql.jdbc.JDBC4Connection@61f1b441]]]
20:07:30.914 [main] DEBUG c.f.o.d.O.insertOutStorageCheckInPl - ==>  Preparing: insert into t_out_storage_check_in(id,out_storage_date,out_storage_type_id,recipienter,department_id,operater_id,apply_id,total_number,total_monney,remark) values (?,?,?,?, ?,?,?,?,?,?) , (?,?,?,?, ?,?,?,?,?,?) , (?,?,?,?, ?,?,?,?,?,?) 
20:07:30.915 [main] DEBUG c.f.o.d.O.insertOutStorageCheckInPl - ==> Parameters: os001606170001(String), null, 1(Short), 2(String), 2(String), 2(String), it001605150000(String), 3(Long), 30.0(Double), null, os001606170002(String), null, 1(Short), 2(String), 2(String), 2(String), it001605150000(String), 1(Long), 10.0(Double), null, os001606170003(String), null, 1(Short), 2(String), 2(String), 2(String), it001605150000(String), 1(Long), 10.0(Double), null
20:07:30.916 [main] DEBUG c.f.o.d.O.insertOutStorageCheckInPl - <==    Updates: 3
20:13:09.371 [main] DEBUG c.f.o.d.B.selectBorrowApplyAuditAndPassCount - ooo Using Connection [ProxyConnection[PooledConnection[com.mysql.jdbc.JDBC4Connection@25cb24d]]]
20:13:09.376 [main] DEBUG c.f.o.d.B.selectBorrowApplyAuditAndPassCount - ==>  Preparing: select count(*) from t_borrow_apply where state=2 and borrow_time is null and audit_time is not null 
20:13:09.394 [main] DEBUG c.f.o.d.B.selectBorrowApplyAuditAndPassCount - ==> Parameters: 
20:13:09.406 [main] DEBUG c.f.o.d.B.selectBorrowApplyAuditAndPassCount - <==      Total: 1
20:13:09.409 [main] DEBUG c.f.o.d.B.selectBorrowApplyAuditAndPass - ooo Using Connection [ProxyConnection[PooledConnection[com.mysql.jdbc.JDBC4Connection@25cb24d]]]
20:13:09.409 [main] DEBUG c.f.o.d.B.selectBorrowApplyAuditAndPass - ==>  Preparing: select t_borrow_apply.*,t_item_type.name as itemTypeName,staff_name as borrowerName,t_department.name as departmentName from t_borrow_apply,t_item_type,t_staff,t_department where state=2 and borrow_time is null and audit_time is not null and t_item_type.name=(select name from t_item_type where id=item_type_id) and staff_name=(select staff_name from t_staff where id=borrower) and t_department.name=(select t_department.name from t_department where id=borrow_department_id) order by audit_time limit ?,? 
20:13:09.410 [main] DEBUG c.f.o.d.B.selectBorrowApplyAuditAndPass - ==> Parameters: 0(Integer), 5(Integer)
20:13:09.420 [main] DEBUG c.f.o.d.B.selectBorrowApplyAuditAndPass - <==      Total: 3
20:13:20.693 [main] DEBUG c.f.o.d.B.selectBorrowApplyByIdList - ooo Using Connection [ProxyConnection[PooledConnection[com.mysql.jdbc.JDBC4Connection@55b6ed96]]]
20:13:20.697 [main] DEBUG c.f.o.d.B.selectBorrowApplyByIdList - ==>  Preparing: select * from t_borrow_apply where id in ( ? , ? , ? ) 
20:13:20.716 [main] DEBUG c.f.o.d.B.selectBorrowApplyByIdList - ==> Parameters: 7(String), 8(String), 9(String)
20:13:20.734 [main] DEBUG c.f.o.d.B.selectBorrowApplyByIdList - <==      Total: 3
20:13:20.736 [main] DEBUG c.f.o.d.I.selectTableKeyByTableName - ooo Using Connection [ProxyConnection[PooledConnection[com.mysql.jdbc.JDBC4Connection@55b6ed96]]]
20:13:20.736 [main] DEBUG c.f.o.d.I.selectTableKeyByTableName - ==>  Preparing: select table_key from t_sys_table_key where table_name = ? 
20:13:20.737 [main] DEBUG c.f.o.d.I.selectTableKeyByTableName - ==> Parameters: outStorageCheckIn(String)
20:13:20.738 [main] DEBUG c.f.o.d.I.selectTableKeyByTableName - <==      Total: 1
20:13:20.746 [main] DEBUG c.f.o.d.I.updateByPrimaryKeySelective - ooo Using Connection [ProxyConnection[PooledConnection[com.mysql.jdbc.JDBC4Connection@55b6ed96]]]
20:13:20.746 [main] DEBUG c.f.o.d.I.updateByPrimaryKeySelective - ==>  Preparing: update t_sys_table_key SET table_key = ? where table_name = ? 
20:13:20.746 [main] DEBUG c.f.o.d.I.updateByPrimaryKeySelective - ==> Parameters: os001606170004(String), outStorageCheckIn(String)
20:13:20.747 [main] DEBUG c.f.o.d.I.updateByPrimaryKeySelective - <==    Updates: 1
20:13:20.749 [main] DEBUG c.f.o.d.I.updateSubItemClassificationSummaryByItemIdAndPrice - ooo Using Connection [ProxyConnection[PooledConnection[com.mysql.jdbc.JDBC4Connection@55b6ed96]]]
20:13:20.749 [main] DEBUG c.f.o.d.I.updateSubItemClassificationSummaryByItemIdAndPrice - ==>  Preparing: update t_item_classification_summary set inventory=inventory-?,inventory_monney=inventory_monney-price*? where item_id=? and price=? 
20:13:20.750 [main] DEBUG c.f.o.d.I.updateSubItemClassificationSummaryByItemIdAndPrice - ==> Parameters: 3(Long), 3(Long), it001605150000(String), 10.0(Double)
20:13:20.750 [main] DEBUG c.f.o.d.I.updateSubItemClassificationSummaryByItemIdAndPrice - <==    Updates: 1
20:13:20.751 [main] DEBUG c.f.o.d.T.updateSubTransfiniteInventoryByItemId - ooo Using Connection [ProxyConnection[PooledConnection[com.mysql.jdbc.JDBC4Connection@55b6ed96]]]
20:13:20.751 [main] DEBUG c.f.o.d.T.updateSubTransfiniteInventoryByItemId - ==>  Preparing: update t_transfinite_inventory_warning set inventory=inventory-? where item_id=? 
20:13:20.751 [main] DEBUG c.f.o.d.T.updateSubTransfiniteInventoryByItemId - ==> Parameters: 3(Long), it001605150000(String)
20:13:20.752 [main] DEBUG c.f.o.d.T.updateSubTransfiniteInventoryByItemId - <==    Updates: 1
20:13:20.752 [main] DEBUG c.f.o.dao.ItemDao.selectItemById - ooo Using Connection [ProxyConnection[PooledConnection[com.mysql.jdbc.JDBC4Connection@55b6ed96]]]
20:13:20.752 [main] DEBUG c.f.o.dao.ItemDao.selectItemById - ==>  Preparing: select * from t_item where item_id=? 
20:13:20.753 [main] DEBUG c.f.o.dao.ItemDao.selectItemById - ==> Parameters: it001605150000(String)
20:13:20.754 [main] DEBUG c.f.o.dao.ItemDao.selectItemById - <==      Total: 1
20:13:20.755 [main] DEBUG c.f.o.d.D.insertDepartmentRecipientSummary - ooo Using Connection [ProxyConnection[PooledConnection[com.mysql.jdbc.JDBC4Connection@55b6ed96]]]
20:13:20.755 [main] DEBUG c.f.o.d.D.insertDepartmentRecipientSummary - ==>  Preparing: insert into t_department_recipient_summary(id,department_id,out_storage_check_in_id,item_id, item_name,spec,item_type_id,measure_unit_id,number,price,monney,out_storage_id,remark) values(?,?,?,?,?,?,?,?, ?,?,?,?,?) 
20:13:20.755 [main] DEBUG c.f.o.d.D.insertDepartmentRecipientSummary - ==> Parameters: null, 2(String), os001606170004(String), it001605150000(String), 铅笔(String), 支(String), 1(String), 2(String), 3(Long), 10.0(Double), 30.0(Double), 1(Short), null
20:13:20.756 [main] DEBUG c.f.o.d.D.insertDepartmentRecipientSummary - <==    Updates: 1
20:13:20.756 [main] DEBUG c.f.o.dao.ItemDao.selectItemById - ooo Using Connection [ProxyConnection[PooledConnection[com.mysql.jdbc.JDBC4Connection@55b6ed96]]]
20:13:20.756 [main] DEBUG c.f.o.dao.ItemDao.selectItemById - ==>  Preparing: select * from t_item where item_id=? 
20:13:20.757 [main] DEBUG c.f.o.dao.ItemDao.selectItemById - ==> Parameters: it001605150000(String)
20:13:20.758 [main] DEBUG c.f.o.dao.ItemDao.selectItemById - <==      Total: 1
20:13:20.758 [main] DEBUG c.f.o.d.S.insertStaffRecipientSummary - ooo Using Connection [ProxyConnection[PooledConnection[com.mysql.jdbc.JDBC4Connection@55b6ed96]]]
20:13:20.758 [main] DEBUG c.f.o.d.S.insertStaffRecipientSummary - ==>  Preparing: insert into t_staff_recipient_summary(id,staff_id,out_storage_check_in_id,item_id, item_name,spec,item_type_id,measure_unit_id,number,price,monney,out_storage_id,remark) values(?,?,?,?,?,?,?,?, ?,?,?,?,?) 
20:13:20.759 [main] DEBUG c.f.o.d.S.insertStaffRecipientSummary - ==> Parameters: null, 2(String), os001606170004(String), it001605150000(String), 铅笔(String), 支(String), 1(String), 2(String), 3(Long), 10.0(Double), 30.0(Double), null, null
20:13:20.760 [main] DEBUG c.f.o.d.S.insertStaffRecipientSummary - <==    Updates: 1
20:13:20.760 [main] DEBUG c.f.o.d.I.selectTableKeyByTableName - ooo Using Connection [ProxyConnection[PooledConnection[com.mysql.jdbc.JDBC4Connection@55b6ed96]]]
20:13:20.760 [main] DEBUG c.f.o.d.I.selectTableKeyByTableName - ==>  Preparing: select table_key from t_sys_table_key where table_name = ? 
20:13:20.760 [main] DEBUG c.f.o.d.I.selectTableKeyByTableName - ==> Parameters: outStorageCheckIn(String)
20:13:20.761 [main] DEBUG c.f.o.d.I.selectTableKeyByTableName - <==      Total: 1
20:13:20.761 [main] DEBUG c.f.o.d.I.updateByPrimaryKeySelective - ooo Using Connection [ProxyConnection[PooledConnection[com.mysql.jdbc.JDBC4Connection@55b6ed96]]]
20:13:20.761 [main] DEBUG c.f.o.d.I.updateByPrimaryKeySelective - ==>  Preparing: update t_sys_table_key SET table_key = ? where table_name = ? 
20:13:20.761 [main] DEBUG c.f.o.d.I.updateByPrimaryKeySelective - ==> Parameters: os001606170005(String), outStorageCheckIn(String)
20:13:20.762 [main] DEBUG c.f.o.d.I.updateByPrimaryKeySelective - <==    Updates: 1
20:13:20.762 [main] DEBUG c.f.o.d.I.updateSubItemClassificationSummaryByItemIdAndPrice - ooo Using Connection [ProxyConnection[PooledConnection[com.mysql.jdbc.JDBC4Connection@55b6ed96]]]
20:13:20.762 [main] DEBUG c.f.o.d.I.updateSubItemClassificationSummaryByItemIdAndPrice - ==>  Preparing: update t_item_classification_summary set inventory=inventory-?,inventory_monney=inventory_monney-price*? where item_id=? and price=? 
20:13:20.763 [main] DEBUG c.f.o.d.I.updateSubItemClassificationSummaryByItemIdAndPrice - ==> Parameters: 1(Long), 1(Long), it001605150000(String), 10.0(Double)
20:13:20.763 [main] DEBUG c.f.o.d.I.updateSubItemClassificationSummaryByItemIdAndPrice - <==    Updates: 1
20:13:20.763 [main] DEBUG c.f.o.d.T.updateSubTransfiniteInventoryByItemId - ooo Using Connection [ProxyConnection[PooledConnection[com.mysql.jdbc.JDBC4Connection@55b6ed96]]]
20:13:20.763 [main] DEBUG c.f.o.d.T.updateSubTransfiniteInventoryByItemId - ==>  Preparing: update t_transfinite_inventory_warning set inventory=inventory-? where item_id=? 
20:13:20.764 [main] DEBUG c.f.o.d.T.updateSubTransfiniteInventoryByItemId - ==> Parameters: 1(Long), it001605150000(String)
20:13:20.764 [main] DEBUG c.f.o.d.T.updateSubTransfiniteInventoryByItemId - <==    Updates: 1
20:13:20.764 [main] DEBUG c.f.o.dao.ItemDao.selectItemById - ooo Using Connection [ProxyConnection[PooledConnection[com.mysql.jdbc.JDBC4Connection@55b6ed96]]]
20:13:20.764 [main] DEBUG c.f.o.dao.ItemDao.selectItemById - ==>  Preparing: select * from t_item where item_id=? 
20:13:20.765 [main] DEBUG c.f.o.dao.ItemDao.selectItemById - ==> Parameters: it001605150000(String)
20:13:20.766 [main] DEBUG c.f.o.dao.ItemDao.selectItemById - <==      Total: 1
20:13:20.766 [main] DEBUG c.f.o.d.D.insertDepartmentRecipientSummary - ooo Using Connection [ProxyConnection[PooledConnection[com.mysql.jdbc.JDBC4Connection@55b6ed96]]]
20:13:20.766 [main] DEBUG c.f.o.d.D.insertDepartmentRecipientSummary - ==>  Preparing: insert into t_department_recipient_summary(id,department_id,out_storage_check_in_id,item_id, item_name,spec,item_type_id,measure_unit_id,number,price,monney,out_storage_id,remark) values(?,?,?,?,?,?,?,?, ?,?,?,?,?) 
20:13:20.767 [main] DEBUG c.f.o.d.D.insertDepartmentRecipientSummary - ==> Parameters: null, 2(String), os001606170005(String), it001605150000(String), 物品名称(String), 啦啦啦(String), 1(String), 2(String), 1(Long), 10.0(Double), 10.0(Double), 1(Short), null
20:13:20.767 [main] DEBUG c.f.o.d.D.insertDepartmentRecipientSummary - <==    Updates: 1
20:13:20.767 [main] DEBUG c.f.o.dao.ItemDao.selectItemById - ooo Using Connection [ProxyConnection[PooledConnection[com.mysql.jdbc.JDBC4Connection@55b6ed96]]]
20:13:20.768 [main] DEBUG c.f.o.dao.ItemDao.selectItemById - ==>  Preparing: select * from t_item where item_id=? 
20:13:20.768 [main] DEBUG c.f.o.dao.ItemDao.selectItemById - ==> Parameters: it001605150000(String)
20:13:20.770 [main] DEBUG c.f.o.dao.ItemDao.selectItemById - <==      Total: 1
20:13:20.771 [main] DEBUG c.f.o.d.S.insertStaffRecipientSummary - ooo Using Connection [ProxyConnection[PooledConnection[com.mysql.jdbc.JDBC4Connection@55b6ed96]]]
20:13:20.771 [main] DEBUG c.f.o.d.S.insertStaffRecipientSummary - ==>  Preparing: insert into t_staff_recipient_summary(id,staff_id,out_storage_check_in_id,item_id, item_name,spec,item_type_id,measure_unit_id,number,price,monney,out_storage_id,remark) values(?,?,?,?,?,?,?,?, ?,?,?,?,?) 
20:13:20.772 [main] DEBUG c.f.o.d.S.insertStaffRecipientSummary - ==> Parameters: null, 2(String), os001606170005(String), it001605150000(String), 物品名称(String), 啦啦啦(String), 1(String), 2(String), 1(Long), 10.0(Double), 10.0(Double), null, null
20:13:20.772 [main] DEBUG c.f.o.d.S.insertStaffRecipientSummary - <==    Updates: 1
20:13:20.772 [main] DEBUG c.f.o.d.I.selectTableKeyByTableName - ooo Using Connection [ProxyConnection[PooledConnection[com.mysql.jdbc.JDBC4Connection@55b6ed96]]]
20:13:20.773 [main] DEBUG c.f.o.d.I.selectTableKeyByTableName - ==>  Preparing: select table_key from t_sys_table_key where table_name = ? 
20:13:20.773 [main] DEBUG c.f.o.d.I.selectTableKeyByTableName - ==> Parameters: outStorageCheckIn(String)
20:13:20.773 [main] DEBUG c.f.o.d.I.selectTableKeyByTableName - <==      Total: 1
20:13:20.774 [main] DEBUG c.f.o.d.I.updateByPrimaryKeySelective - ooo Using Connection [ProxyConnection[PooledConnection[com.mysql.jdbc.JDBC4Connection@55b6ed96]]]
20:13:20.774 [main] DEBUG c.f.o.d.I.updateByPrimaryKeySelective - ==>  Preparing: update t_sys_table_key SET table_key = ? where table_name = ? 
20:13:20.774 [main] DEBUG c.f.o.d.I.updateByPrimaryKeySelective - ==> Parameters: os001606170006(String), outStorageCheckIn(String)
20:13:20.775 [main] DEBUG c.f.o.d.I.updateByPrimaryKeySelective - <==    Updates: 1
20:13:20.775 [main] DEBUG c.f.o.d.I.updateSubItemClassificationSummaryByItemIdAndPrice - ooo Using Connection [ProxyConnection[PooledConnection[com.mysql.jdbc.JDBC4Connection@55b6ed96]]]
20:13:20.775 [main] DEBUG c.f.o.d.I.updateSubItemClassificationSummaryByItemIdAndPrice - ==>  Preparing: update t_item_classification_summary set inventory=inventory-?,inventory_monney=inventory_monney-price*? where item_id=? and price=? 
20:13:20.775 [main] DEBUG c.f.o.d.I.updateSubItemClassificationSummaryByItemIdAndPrice - ==> Parameters: 1(Long), 1(Long), it001605150000(String), 10.0(Double)
20:13:20.776 [main] DEBUG c.f.o.d.I.updateSubItemClassificationSummaryByItemIdAndPrice - <==    Updates: 1
20:13:20.776 [main] DEBUG c.f.o.d.T.updateSubTransfiniteInventoryByItemId - ooo Using Connection [ProxyConnection[PooledConnection[com.mysql.jdbc.JDBC4Connection@55b6ed96]]]
20:13:20.776 [main] DEBUG c.f.o.d.T.updateSubTransfiniteInventoryByItemId - ==>  Preparing: update t_transfinite_inventory_warning set inventory=inventory-? where item_id=? 
20:13:20.777 [main] DEBUG c.f.o.d.T.updateSubTransfiniteInventoryByItemId - ==> Parameters: 1(Long), it001605150000(String)
20:13:20.777 [main] DEBUG c.f.o.d.T.updateSubTransfiniteInventoryByItemId - <==    Updates: 1
20:13:20.777 [main] DEBUG c.f.o.dao.ItemDao.selectItemById - ooo Using Connection [ProxyConnection[PooledConnection[com.mysql.jdbc.JDBC4Connection@55b6ed96]]]
20:13:20.777 [main] DEBUG c.f.o.dao.ItemDao.selectItemById - ==>  Preparing: select * from t_item where item_id=? 
20:13:20.778 [main] DEBUG c.f.o.dao.ItemDao.selectItemById - ==> Parameters: it001605150000(String)
20:13:20.779 [main] DEBUG c.f.o.dao.ItemDao.selectItemById - <==      Total: 1
20:13:20.779 [main] DEBUG c.f.o.d.D.insertDepartmentRecipientSummary - ooo Using Connection [ProxyConnection[PooledConnection[com.mysql.jdbc.JDBC4Connection@55b6ed96]]]
20:13:20.779 [main] DEBUG c.f.o.d.D.insertDepartmentRecipientSummary - ==>  Preparing: insert into t_department_recipient_summary(id,department_id,out_storage_check_in_id,item_id, item_name,spec,item_type_id,measure_unit_id,number,price,monney,out_storage_id,remark) values(?,?,?,?,?,?,?,?, ?,?,?,?,?) 
20:13:20.780 [main] DEBUG c.f.o.d.D.insertDepartmentRecipientSummary - ==> Parameters: null, 2(String), os001606170006(String), it001605150000(String), 物品名称(String), 啦啦啦(String), 1(String), 2(String), 1(Long), 10.0(Double), 10.0(Double), 1(Short), null
20:13:20.780 [main] DEBUG c.f.o.d.D.insertDepartmentRecipientSummary - <==    Updates: 1
20:13:20.780 [main] DEBUG c.f.o.dao.ItemDao.selectItemById - ooo Using Connection [ProxyConnection[PooledConnection[com.mysql.jdbc.JDBC4Connection@55b6ed96]]]
20:13:20.781 [main] DEBUG c.f.o.dao.ItemDao.selectItemById - ==>  Preparing: select * from t_item where item_id=? 
20:13:20.781 [main] DEBUG c.f.o.dao.ItemDao.selectItemById - ==> Parameters: it001605150000(String)
20:13:20.782 [main] DEBUG c.f.o.dao.ItemDao.selectItemById - <==      Total: 1
20:13:20.782 [main] DEBUG c.f.o.d.S.insertStaffRecipientSummary - ooo Using Connection [ProxyConnection[PooledConnection[com.mysql.jdbc.JDBC4Connection@55b6ed96]]]
20:13:20.783 [main] DEBUG c.f.o.d.S.insertStaffRecipientSummary - ==>  Preparing: insert into t_staff_recipient_summary(id,staff_id,out_storage_check_in_id,item_id, item_name,spec,item_type_id,measure_unit_id,number,price,monney,out_storage_id,remark) values(?,?,?,?,?,?,?,?, ?,?,?,?,?) 
20:13:20.783 [main] DEBUG c.f.o.d.S.insertStaffRecipientSummary - ==> Parameters: null, 2(String), os001606170006(String), it001605150000(String), 物品名称(String), 啦啦啦(String), 1(String), 2(String), 1(Long), 10.0(Double), 10.0(Double), null, null
20:13:20.811 [main] DEBUG c.f.o.d.S.insertStaffRecipientSummary - <==    Updates: 1
20:13:20.814 [main] DEBUG c.f.o.d.B.updateBorrowApply - ooo Using Connection [ProxyConnection[PooledConnection[com.mysql.jdbc.JDBC4Connection@55b6ed96]]]
20:13:20.814 [main] DEBUG c.f.o.d.B.updateBorrowApply - ==>  Preparing: update t_borrow_apply SET item_id=?, item_name=?, item_type_id=?, spec=?, borrow_num=?, price=?, monney=?, borrow_time=?, borrow_department_id=?, borrower=?, audit_time=?, auditor=?, state=?, is_return=?, is_display=?, is_valid=?, apply_time=?, is_return=? where id=? 
20:13:20.816 [main] DEBUG c.f.o.d.B.updateBorrowApply - ==> Parameters: it001605150000(String), 铅笔(String), 1(String), 支(String), 3(Long), 10.0(Double), 30.0(Double), 2016-06-17 20:13:20.811(Timestamp), 2(Integer), 2(String), 2016-05-24 19:48:52.0(Timestamp), 1(String), 2(Short), 0(Short), 0(Short), 0(Short), 2016-06-17 19:45:27.0(Timestamp), 0(Short), 7(String)
20:13:20.816 [main] DEBUG c.f.o.d.B.updateBorrowApply - <==    Updates: 1
20:13:20.817 [main] DEBUG c.f.o.d.B.updateBorrowApply - ooo Using Connection [ProxyConnection[PooledConnection[com.mysql.jdbc.JDBC4Connection@55b6ed96]]]
20:13:20.817 [main] DEBUG c.f.o.d.B.updateBorrowApply - ==>  Preparing: update t_borrow_apply SET item_id=?, item_name=?, item_type_id=?, spec=?, borrow_num=?, price=?, monney=?, borrow_time=?, borrow_department_id=?, borrower=?, audit_time=?, auditor=?, state=?, is_return=?, is_display=?, is_valid=?, apply_time=?, is_return=? where id=? 
20:13:20.818 [main] DEBUG c.f.o.d.B.updateBorrowApply - ==> Parameters: it001605150000(String), 物品名称(String), 1(String), 啦啦啦(String), 1(Long), 10.0(Double), 10.0(Double), 2016-06-17 20:13:20.811(Timestamp), 2(Integer), 2(String), 2016-06-14 20:07:17.0(Timestamp), 1(String), 2(Short), 0(Short), 1(Short), 1(Short), 2016-06-17 19:16:07.0(Timestamp), 0(Short), 8(String)
20:13:20.819 [main] DEBUG c.f.o.d.B.updateBorrowApply - <==    Updates: 1
20:13:20.820 [main] DEBUG c.f.o.d.B.updateBorrowApply - ooo Using Connection [ProxyConnection[PooledConnection[com.mysql.jdbc.JDBC4Connection@55b6ed96]]]
20:13:20.820 [main] DEBUG c.f.o.d.B.updateBorrowApply - ==>  Preparing: update t_borrow_apply SET item_id=?, item_name=?, item_type_id=?, spec=?, borrow_num=?, price=?, monney=?, borrow_time=?, borrow_department_id=?, borrower=?, audit_time=?, auditor=?, state=?, is_return=?, is_display=?, is_valid=?, apply_time=?, is_return=? where id=? 
20:13:20.822 [main] DEBUG c.f.o.d.B.updateBorrowApply - ==> Parameters: it001605150000(String), 物品名称(String), 1(String), 啦啦啦(String), 1(Long), 10.0(Double), 10.0(Double), 2016-06-17 20:13:20.811(Timestamp), 2(Integer), 2(String), 2016-06-14 20:07:20.0(Timestamp), 1(String), 2(Short), 0(Short), 1(Short), 1(Short), 2016-06-15 20:53:04.0(Timestamp), 0(Short), 9(String)
20:13:20.823 [main] DEBUG c.f.o.d.B.updateBorrowApply - <==    Updates: 1
20:13:20.827 [main] DEBUG c.f.o.d.O.insertOutStorageCheckInPl - ooo Using Connection [ProxyConnection[PooledConnection[com.mysql.jdbc.JDBC4Connection@55b6ed96]]]
20:13:20.827 [main] DEBUG c.f.o.d.O.insertOutStorageCheckInPl - ==>  Preparing: insert into t_out_storage_check_in(id,out_storage_date,out_storage_type_id,recipienter,department_id,operater_id,apply_id,total_number,total_monney,remark) values (?,?,?,?, ?,?,?,?,?,?) , (?,?,?,?, ?,?,?,?,?,?) , (?,?,?,?, ?,?,?,?,?,?) 
20:13:20.829 [main] DEBUG c.f.o.d.O.insertOutStorageCheckInPl - ==> Parameters: os001606170004(String), null, 1(Short), 2(String), 2(String), 2(String), it001605150000(String), 3(Long), 30.0(Double), null, os001606170005(String), null, 1(Short), 2(String), 2(String), 2(String), it001605150000(String), 1(Long), 10.0(Double), null, os001606170006(String), null, 1(Short), 2(String), 2(String), 2(String), it001605150000(String), 1(Long), 10.0(Double), null
20:13:20.829 [main] DEBUG c.f.o.d.O.insertOutStorageCheckInPl - <==    Updates: 3
20:25:13.134 [main] DEBUG c.f.o.d.R.selectRecipientApplyAuditAndPassCount - ooo Using Connection [ProxyConnection[PooledConnection[com.mysql.jdbc.JDBC4Connection@13bdde71]]]
20:25:13.138 [main] DEBUG c.f.o.d.R.selectRecipientApplyAuditAndPassCount - ==>  Preparing: select count(*) from t_recipient_apply where state=2 and recipient_time is null and audit_time is not null 
20:25:13.156 [main] DEBUG c.f.o.d.R.selectRecipientApplyAuditAndPassCount - ==> Parameters: 
20:25:13.167 [main] DEBUG c.f.o.d.R.selectRecipientApplyAuditAndPassCount - <==      Total: 1
20:25:13.170 [main] DEBUG c.f.o.d.R.selectRecipientApplyAuditAndPass - ooo Using Connection [ProxyConnection[PooledConnection[com.mysql.jdbc.JDBC4Connection@13bdde71]]]
20:25:13.170 [main] DEBUG c.f.o.d.R.selectRecipientApplyAuditAndPass - ==>  Preparing: select t_recipient_apply.*,t_item_type.name as itemTypeName,staff_name as recipienterName,t_department.name as departmentName from t_recipient_apply,t_item_type,t_staff,t_department where state=2 and recipient_time is null and audit_time is not null and t_item_type.name=(select name from t_item_type where id=item_type_id) and staff_name=(select staff_name from t_staff where id=recipienter) and t_department.name=(select t_department.name from t_department where id=recipient_department_id) order by audit_time limit ?,? 
20:25:13.171 [main] DEBUG c.f.o.d.R.selectRecipientApplyAuditAndPass - ==> Parameters: 0(Integer), 5(Integer)
20:25:13.180 [main] DEBUG c.f.o.d.R.selectRecipientApplyAuditAndPass - <==      Total: 2
20:31:01.059 [main] DEBUG c.f.o.d.R.selectRecipientApplyAuditAndPassCount - ooo Using Connection [ProxyConnection[PooledConnection[com.mysql.jdbc.JDBC4Connection@2f3409c5]]]
20:31:01.064 [main] DEBUG c.f.o.d.R.selectRecipientApplyAuditAndPassCount - ==>  Preparing: select count(*) from t_recipient_apply where state=2 and recipient_time is null and audit_time is not null 
20:31:01.081 [main] DEBUG c.f.o.d.R.selectRecipientApplyAuditAndPassCount - ==> Parameters: 
20:31:01.092 [main] DEBUG c.f.o.d.R.selectRecipientApplyAuditAndPassCount - <==      Total: 1
20:31:01.095 [main] DEBUG c.f.o.d.R.selectRecipientApplyAuditAndPass - ooo Using Connection [ProxyConnection[PooledConnection[com.mysql.jdbc.JDBC4Connection@2f3409c5]]]
20:31:01.095 [main] DEBUG c.f.o.d.R.selectRecipientApplyAuditAndPass - ==>  Preparing: select t_recipient_apply.*,t_item_type.name as itemTypeName,staff_name as recipienterName,t_department.name as departmentName from t_recipient_apply,t_item_type,t_staff,t_department where state=2 and recipient_time is null and audit_time is not null and t_item_type.name=(select name from t_item_type where id=item_type_id) and staff_name=(select staff_name from t_staff where id=recipienter) and t_department.name=(select t_department.name from t_department where id=recipient_department_id) order by audit_time limit ?,? 
20:31:01.095 [main] DEBUG c.f.o.d.R.selectRecipientApplyAuditAndPass - ==> Parameters: 0(Integer), 5(Integer)
20:31:01.104 [main] DEBUG c.f.o.d.R.selectRecipientApplyAuditAndPass - <==      Total: 2
20:31:17.728 [main] DEBUG c.f.o.d.R.selectRecipientApplyByIdList - ooo Using Connection [ProxyConnection[PooledConnection[com.mysql.jdbc.JDBC4Connection@1f38486b]]]
20:31:17.733 [main] DEBUG c.f.o.d.R.selectRecipientApplyByIdList - ==>  Preparing: select * from t_recipient_apply where id in ( ? , ? ) 
20:31:17.751 [main] DEBUG c.f.o.d.R.selectRecipientApplyByIdList - ==> Parameters: 2(String), 3(String)
20:31:17.769 [main] DEBUG c.f.o.d.R.selectRecipientApplyByIdList - <==      Total: 2
20:31:17.770 [main] DEBUG c.f.o.d.I.selectTableKeyByTableName - ooo Using Connection [ProxyConnection[PooledConnection[com.mysql.jdbc.JDBC4Connection@1f38486b]]]
20:31:17.770 [main] DEBUG c.f.o.d.I.selectTableKeyByTableName - ==>  Preparing: select table_key from t_sys_table_key where table_name = ? 
20:31:17.771 [main] DEBUG c.f.o.d.I.selectTableKeyByTableName - ==> Parameters: outStorageCheckIn(String)
20:31:17.771 [main] DEBUG c.f.o.d.I.selectTableKeyByTableName - <==      Total: 1
20:31:17.779 [main] DEBUG c.f.o.d.I.updateByPrimaryKeySelective - ooo Using Connection [ProxyConnection[PooledConnection[com.mysql.jdbc.JDBC4Connection@1f38486b]]]
20:31:17.779 [main] DEBUG c.f.o.d.I.updateByPrimaryKeySelective - ==>  Preparing: update t_sys_table_key SET table_key = ? where table_name = ? 
20:31:17.779 [main] DEBUG c.f.o.d.I.updateByPrimaryKeySelective - ==> Parameters: os001606170007(String), outStorageCheckIn(String)
20:31:17.780 [main] DEBUG c.f.o.d.I.updateByPrimaryKeySelective - <==    Updates: 1
20:31:17.782 [main] DEBUG c.f.o.d.I.updateSubItemClassificationSummaryByItemIdAndPrice - ooo Using Connection [ProxyConnection[PooledConnection[com.mysql.jdbc.JDBC4Connection@1f38486b]]]
20:31:17.782 [main] DEBUG c.f.o.d.I.updateSubItemClassificationSummaryByItemIdAndPrice - ==>  Preparing: update t_item_classification_summary set inventory=inventory-?,inventory_monney=inventory_monney-price*? where item_id=? and price=? 
20:31:17.783 [main] DEBUG c.f.o.d.I.updateSubItemClassificationSummaryByItemIdAndPrice - ==> Parameters: 1(Long), 1(Long), it001605150000(String), 10.0(Double)
20:31:17.783 [main] DEBUG c.f.o.d.I.updateSubItemClassificationSummaryByItemIdAndPrice - <==    Updates: 1
20:31:17.784 [main] DEBUG c.f.o.d.T.updateSubTransfiniteInventoryByItemId - ooo Using Connection [ProxyConnection[PooledConnection[com.mysql.jdbc.JDBC4Connection@1f38486b]]]
20:31:17.784 [main] DEBUG c.f.o.d.T.updateSubTransfiniteInventoryByItemId - ==>  Preparing: update t_transfinite_inventory_warning set inventory=inventory-? where item_id=? 
20:31:17.785 [main] DEBUG c.f.o.d.T.updateSubTransfiniteInventoryByItemId - ==> Parameters: 1(Long), it001605150000(String)
20:31:17.785 [main] DEBUG c.f.o.d.T.updateSubTransfiniteInventoryByItemId - <==    Updates: 1
20:31:17.785 [main] DEBUG c.f.o.dao.ItemDao.selectItemById - ooo Using Connection [ProxyConnection[PooledConnection[com.mysql.jdbc.JDBC4Connection@1f38486b]]]
20:31:17.786 [main] DEBUG c.f.o.dao.ItemDao.selectItemById - ==>  Preparing: select * from t_item where item_id=? 
20:31:17.786 [main] DEBUG c.f.o.dao.ItemDao.selectItemById - ==> Parameters: it001605150000(String)
20:31:17.787 [main] DEBUG c.f.o.dao.ItemDao.selectItemById - <==      Total: 1
20:31:17.788 [main] DEBUG c.f.o.d.D.insertDepartmentRecipientSummary - ooo Using Connection [ProxyConnection[PooledConnection[com.mysql.jdbc.JDBC4Connection@1f38486b]]]
20:31:17.788 [main] DEBUG c.f.o.d.D.insertDepartmentRecipientSummary - ==>  Preparing: insert into t_department_recipient_summary(id,department_id,out_storage_check_in_id,item_id, item_name,spec,item_type_id,measure_unit_id,number,price,monney,out_storage_id,remark) values(?,?,?,?,?,?,?,?, ?,?,?,?,?) 
20:31:17.789 [main] DEBUG c.f.o.d.D.insertDepartmentRecipientSummary - ==> Parameters: null, 1(String), os001606170007(String), it001605150000(String), 物品名称(String), null, 1(String), 2(String), 1(Long), 10.0(Double), 10.0(Double), 2(Short), null
20:34:16.883 [main] DEBUG c.f.o.d.R.selectRecipientApplyByIdList - ooo Using Connection [ProxyConnection[PooledConnection[com.mysql.jdbc.JDBC4Connection@42998eec]]]
20:34:16.888 [main] DEBUG c.f.o.d.R.selectRecipientApplyByIdList - ==>  Preparing: select * from t_recipient_apply where id in ( ? , ? ) 
20:34:16.907 [main] DEBUG c.f.o.d.R.selectRecipientApplyByIdList - ==> Parameters: 2(String), 3(String)
20:34:16.924 [main] DEBUG c.f.o.d.R.selectRecipientApplyByIdList - <==      Total: 2
20:34:16.925 [main] DEBUG c.f.o.d.I.selectTableKeyByTableName - ooo Using Connection [ProxyConnection[PooledConnection[com.mysql.jdbc.JDBC4Connection@42998eec]]]
20:34:16.925 [main] DEBUG c.f.o.d.I.selectTableKeyByTableName - ==>  Preparing: select table_key from t_sys_table_key where table_name = ? 
20:34:16.925 [main] DEBUG c.f.o.d.I.selectTableKeyByTableName - ==> Parameters: outStorageCheckIn(String)
20:34:16.926 [main] DEBUG c.f.o.d.I.selectTableKeyByTableName - <==      Total: 1
20:34:16.933 [main] DEBUG c.f.o.d.I.updateByPrimaryKeySelective - ooo Using Connection [ProxyConnection[PooledConnection[com.mysql.jdbc.JDBC4Connection@42998eec]]]
20:34:16.933 [main] DEBUG c.f.o.d.I.updateByPrimaryKeySelective - ==>  Preparing: update t_sys_table_key SET table_key = ? where table_name = ? 
20:34:16.933 [main] DEBUG c.f.o.d.I.updateByPrimaryKeySelective - ==> Parameters: os001606170007(String), outStorageCheckIn(String)
20:34:16.934 [main] DEBUG c.f.o.d.I.updateByPrimaryKeySelective - <==    Updates: 1
20:34:16.936 [main] DEBUG c.f.o.d.I.updateSubItemClassificationSummaryByItemIdAndPrice - ooo Using Connection [ProxyConnection[PooledConnection[com.mysql.jdbc.JDBC4Connection@42998eec]]]
20:34:16.936 [main] DEBUG c.f.o.d.I.updateSubItemClassificationSummaryByItemIdAndPrice - ==>  Preparing: update t_item_classification_summary set inventory=inventory-?,inventory_monney=inventory_monney-price*? where item_id=? and price=? 
20:34:16.936 [main] DEBUG c.f.o.d.I.updateSubItemClassificationSummaryByItemIdAndPrice - ==> Parameters: 1(Long), 1(Long), it001605150000(String), 10.0(Double)
20:34:16.937 [main] DEBUG c.f.o.d.I.updateSubItemClassificationSummaryByItemIdAndPrice - <==    Updates: 1
20:34:16.938 [main] DEBUG c.f.o.d.T.updateSubTransfiniteInventoryByItemId - ooo Using Connection [ProxyConnection[PooledConnection[com.mysql.jdbc.JDBC4Connection@42998eec]]]
20:34:16.938 [main] DEBUG c.f.o.d.T.updateSubTransfiniteInventoryByItemId - ==>  Preparing: update t_transfinite_inventory_warning set inventory=inventory-? where item_id=? 
20:34:16.938 [main] DEBUG c.f.o.d.T.updateSubTransfiniteInventoryByItemId - ==> Parameters: 1(Long), it001605150000(String)
20:34:16.938 [main] DEBUG c.f.o.d.T.updateSubTransfiniteInventoryByItemId - <==    Updates: 1
20:34:16.939 [main] DEBUG c.f.o.dao.ItemDao.selectItemById - ooo Using Connection [ProxyConnection[PooledConnection[com.mysql.jdbc.JDBC4Connection@42998eec]]]
20:34:16.939 [main] DEBUG c.f.o.dao.ItemDao.selectItemById - ==>  Preparing: select * from t_item where item_id=? 
20:34:16.939 [main] DEBUG c.f.o.dao.ItemDao.selectItemById - ==> Parameters: it001605150000(String)
20:34:16.941 [main] DEBUG c.f.o.dao.ItemDao.selectItemById - <==      Total: 1
20:34:16.941 [main] DEBUG c.f.o.d.D.insertDepartmentRecipientSummary - ooo Using Connection [ProxyConnection[PooledConnection[com.mysql.jdbc.JDBC4Connection@42998eec]]]
20:34:16.941 [main] DEBUG c.f.o.d.D.insertDepartmentRecipientSummary - ==>  Preparing: insert into t_department_recipient_summary(id,department_id,out_storage_check_in_id,item_id, item_name,spec,item_type_id,measure_unit_id,number,price,monney,out_storage_id,remark) values(?,?,?,?,?,?,?,?, ?,?,?,?,?) 
20:34:16.942 [main] DEBUG c.f.o.d.D.insertDepartmentRecipientSummary - ==> Parameters: null, 1(String), os001606170007(String), it001605150000(String), 物品名称(String), 1(String), 1(String), 2(String), 1(Long), 10.0(Double), 10.0(Double), 2(Short), null
20:34:16.942 [main] DEBUG c.f.o.d.D.insertDepartmentRecipientSummary - <==    Updates: 1
20:34:16.942 [main] DEBUG c.f.o.dao.ItemDao.selectItemById - ooo Using Connection [ProxyConnection[PooledConnection[com.mysql.jdbc.JDBC4Connection@42998eec]]]
20:34:16.943 [main] DEBUG c.f.o.dao.ItemDao.selectItemById - ==>  Preparing: select * from t_item where item_id=? 
20:34:16.944 [main] DEBUG c.f.o.dao.ItemDao.selectItemById - ==> Parameters: it001605150000(String)
20:34:16.945 [main] DEBUG c.f.o.dao.ItemDao.selectItemById - <==      Total: 1
20:34:16.945 [main] DEBUG c.f.o.d.S.insertStaffRecipientSummary - ooo Using Connection [ProxyConnection[PooledConnection[com.mysql.jdbc.JDBC4Connection@42998eec]]]
20:34:16.945 [main] DEBUG c.f.o.d.S.insertStaffRecipientSummary - ==>  Preparing: insert into t_staff_recipient_summary(id,staff_id,out_storage_check_in_id,item_id, item_name,spec,item_type_id,measure_unit_id,number,price,monney,out_storage_id,remark) values(?,?,?,?,?,?,?,?, ?,?,?,?,?) 
20:34:16.945 [main] DEBUG c.f.o.d.S.insertStaffRecipientSummary - ==> Parameters: null, 1(String), os001606170007(String), it001605150000(String), 物品名称(String), 1(String), 1(String), 2(String), 1(Long), 10.0(Double), 10.0(Double), null, null
20:34:16.946 [main] DEBUG c.f.o.d.S.insertStaffRecipientSummary - <==    Updates: 1
20:34:16.946 [main] DEBUG c.f.o.d.I.selectTableKeyByTableName - ooo Using Connection [ProxyConnection[PooledConnection[com.mysql.jdbc.JDBC4Connection@42998eec]]]
20:34:16.947 [main] DEBUG c.f.o.d.I.selectTableKeyByTableName - ==>  Preparing: select table_key from t_sys_table_key where table_name = ? 
20:34:16.947 [main] DEBUG c.f.o.d.I.selectTableKeyByTableName - ==> Parameters: outStorageCheckIn(String)
20:34:16.947 [main] DEBUG c.f.o.d.I.selectTableKeyByTableName - <==      Total: 1
20:34:16.948 [main] DEBUG c.f.o.d.I.updateByPrimaryKeySelective - ooo Using Connection [ProxyConnection[PooledConnection[com.mysql.jdbc.JDBC4Connection@42998eec]]]
20:34:16.948 [main] DEBUG c.f.o.d.I.updateByPrimaryKeySelective - ==>  Preparing: update t_sys_table_key SET table_key = ? where table_name = ? 
20:34:16.948 [main] DEBUG c.f.o.d.I.updateByPrimaryKeySelective - ==> Parameters: os001606170008(String), outStorageCheckIn(String)
20:34:16.949 [main] DEBUG c.f.o.d.I.updateByPrimaryKeySelective - <==    Updates: 1
20:34:16.949 [main] DEBUG c.f.o.d.I.updateSubItemClassificationSummaryByItemIdAndPrice - ooo Using Connection [ProxyConnection[PooledConnection[com.mysql.jdbc.JDBC4Connection@42998eec]]]
20:34:16.949 [main] DEBUG c.f.o.d.I.updateSubItemClassificationSummaryByItemIdAndPrice - ==>  Preparing: update t_item_classification_summary set inventory=inventory-?,inventory_monney=inventory_monney-price*? where item_id=? and price=? 
20:34:16.949 [main] DEBUG c.f.o.d.I.updateSubItemClassificationSummaryByItemIdAndPrice - ==> Parameters: 1(Long), 1(Long), it001605150000(String), 10.0(Double)
20:34:16.950 [main] DEBUG c.f.o.d.I.updateSubItemClassificationSummaryByItemIdAndPrice - <==    Updates: 1
20:34:16.950 [main] DEBUG c.f.o.d.T.updateSubTransfiniteInventoryByItemId - ooo Using Connection [ProxyConnection[PooledConnection[com.mysql.jdbc.JDBC4Connection@42998eec]]]
20:34:16.950 [main] DEBUG c.f.o.d.T.updateSubTransfiniteInventoryByItemId - ==>  Preparing: update t_transfinite_inventory_warning set inventory=inventory-? where item_id=? 
20:34:16.951 [main] DEBUG c.f.o.d.T.updateSubTransfiniteInventoryByItemId - ==> Parameters: 1(Long), it001605150000(String)
20:34:16.952 [main] DEBUG c.f.o.d.T.updateSubTransfiniteInventoryByItemId - <==    Updates: 1
20:34:16.952 [main] DEBUG c.f.o.dao.ItemDao.selectItemById - ooo Using Connection [ProxyConnection[PooledConnection[com.mysql.jdbc.JDBC4Connection@42998eec]]]
20:34:16.952 [main] DEBUG c.f.o.dao.ItemDao.selectItemById - ==>  Preparing: select * from t_item where item_id=? 
20:34:16.952 [main] DEBUG c.f.o.dao.ItemDao.selectItemById - ==> Parameters: it001605150000(String)
20:34:16.953 [main] DEBUG c.f.o.dao.ItemDao.selectItemById - <==      Total: 1
20:34:16.954 [main] DEBUG c.f.o.d.D.insertDepartmentRecipientSummary - ooo Using Connection [ProxyConnection[PooledConnection[com.mysql.jdbc.JDBC4Connection@42998eec]]]
20:34:16.954 [main] DEBUG c.f.o.d.D.insertDepartmentRecipientSummary - ==>  Preparing: insert into t_department_recipient_summary(id,department_id,out_storage_check_in_id,item_id, item_name,spec,item_type_id,measure_unit_id,number,price,monney,out_storage_id,remark) values(?,?,?,?,?,?,?,?, ?,?,?,?,?) 
20:34:16.955 [main] DEBUG c.f.o.d.D.insertDepartmentRecipientSummary - ==> Parameters: null, 2(String), os001606170008(String), it001605150000(String), 物品名称(String), O(∩_∩)O哈哈哈~(String), 2(String), 2(String), 1(Long), 10.0(Double), 10.0(Double), 2(Short), null
20:34:16.955 [main] DEBUG c.f.o.d.D.insertDepartmentRecipientSummary - <==    Updates: 1
20:34:16.955 [main] DEBUG c.f.o.dao.ItemDao.selectItemById - ooo Using Connection [ProxyConnection[PooledConnection[com.mysql.jdbc.JDBC4Connection@42998eec]]]
20:34:16.956 [main] DEBUG c.f.o.dao.ItemDao.selectItemById - ==>  Preparing: select * from t_item where item_id=? 
20:34:16.956 [main] DEBUG c.f.o.dao.ItemDao.selectItemById - ==> Parameters: it001605150000(String)
20:34:16.958 [main] DEBUG c.f.o.dao.ItemDao.selectItemById - <==      Total: 1
20:34:16.958 [main] DEBUG c.f.o.d.S.insertStaffRecipientSummary - ooo Using Connection [ProxyConnection[PooledConnection[com.mysql.jdbc.JDBC4Connection@42998eec]]]
20:34:16.959 [main] DEBUG c.f.o.d.S.insertStaffRecipientSummary - ==>  Preparing: insert into t_staff_recipient_summary(id,staff_id,out_storage_check_in_id,item_id, item_name,spec,item_type_id,measure_unit_id,number,price,monney,out_storage_id,remark) values(?,?,?,?,?,?,?,?, ?,?,?,?,?) 
20:34:16.960 [main] DEBUG c.f.o.d.S.insertStaffRecipientSummary - ==> Parameters: null, 2(String), os001606170008(String), it001605150000(String), 物品名称(String), O(∩_∩)O哈哈哈~(String), 2(String), 2(String), 1(Long), 10.0(Double), 10.0(Double), null, null
20:34:16.960 [main] DEBUG c.f.o.d.S.insertStaffRecipientSummary - <==    Updates: 1
20:34:16.962 [main] DEBUG c.f.o.d.R.updateRecipientApply - ooo Using Connection [ProxyConnection[PooledConnection[com.mysql.jdbc.JDBC4Connection@42998eec]]]
20:34:16.963 [main] DEBUG c.f.o.d.R.updateRecipientApply - ==>  Preparing: update t_recipient_apply SET item_id=?, item_name=?, item_type_id=?, spec=?, recipient_num=?, price=?, monney=?, recipient_time=?, recipient_department_id=?, recipienter=?, audit_time=?, auditor=?, state=?, is_display=?, is_valid=?, apply_time=? where id=? 
20:34:16.963 [main] DEBUG c.f.o.d.R.updateRecipientApply - ==> Parameters: it001605150000(String), 物品名称(String), 1(String), 1(String), 1(Long), 10.0(Double), 10.0(Double), 2016-06-17 20:34:16.96(Timestamp), 1(Integer), 1(String), 2016-05-16 19:41:54.0(Timestamp), 1(String), 2(Short), 1(Short), 0(Short), 2016-06-17 20:33:16.0(Timestamp), 2(String)
20:34:16.964 [main] DEBUG c.f.o.d.R.updateRecipientApply - <==    Updates: 1
20:34:16.964 [main] DEBUG c.f.o.d.R.updateRecipientApply - ooo Using Connection [ProxyConnection[PooledConnection[com.mysql.jdbc.JDBC4Connection@42998eec]]]
20:34:16.965 [main] DEBUG c.f.o.d.R.updateRecipientApply - ==>  Preparing: update t_recipient_apply SET item_id=?, item_name=?, item_type_id=?, spec=?, recipient_num=?, price=?, monney=?, recipient_time=?, recipient_department_id=?, recipienter=?, audit_time=?, auditor=?, state=?, is_display=?, is_valid=?, apply_time=? where id=? 
20:34:16.966 [main] DEBUG c.f.o.d.R.updateRecipientApply - ==> Parameters: it001605150000(String), 物品名称(String), 2(String), O(∩_∩)O哈哈哈~(String), 1(Long), 10.0(Double), 10.0(Double), 2016-06-17 20:34:16.96(Timestamp), 2(Integer), 2(String), 2016-06-16 10:29:58.0(Timestamp), 2(String), 2(Short), 1(Short), 1(Short), 2016-06-17 20:29:35.0(Timestamp), 3(String)
20:34:16.966 [main] DEBUG c.f.o.d.R.updateRecipientApply - <==    Updates: 1
20:34:16.970 [main] DEBUG c.f.o.d.O.insertOutStorageCheckInPl - ooo Using Connection [ProxyConnection[PooledConnection[com.mysql.jdbc.JDBC4Connection@42998eec]]]
20:34:16.971 [main] DEBUG c.f.o.d.O.insertOutStorageCheckInPl - ==>  Preparing: insert into t_out_storage_check_in(id,out_storage_date,out_storage_type_id,recipienter,department_id,operater_id,apply_id,total_number,total_monney,remark) values (?,?,?,?, ?,?,?,?,?,?) , (?,?,?,?, ?,?,?,?,?,?) 
20:34:16.972 [main] DEBUG c.f.o.d.O.insertOutStorageCheckInPl - ==> Parameters: os001606170007(String), null, 2(Short), 1(String), 1(String), 2(String), it001605150000(String), 1(Long), 10.0(Double), null, os001606170008(String), null, 2(Short), 2(String), 2(String), 2(String), it001605150000(String), 1(Long), 10.0(Double), null
20:34:16.973 [main] DEBUG c.f.o.d.O.insertOutStorageCheckInPl - <==    Updates: 2
