12:35:50.620 [main] DEBUG c.f.o.d.P.selectUnAuditPreItemProcurementCountByMap - ooo Using Connection [ProxyConnection[PooledConnection[com.mysql.jdbc.JDBC4Connection@757f675c]]]
12:35:50.636 [main] DEBUG c.f.o.d.P.selectUnAuditPreItemProcurementCountByMap - ==>  Preparing: select count(*) from t_pre_item_procurement where audit_time is null and staff_id=? and item_type_id=? and item_name=? and item_id=? and pre_time>=? and pre_time<=? 
12:35:50.701 [main] DEBUG c.f.o.d.P.selectUnAuditPreItemProcurementCountByMap - ==> Parameters: (String), 1(String), 1(String), 1(String), 2016-05-03 00:00:00.0(Timestamp), 2016-05-03 00:00:00.0(Timestamp)
12:35:50.971 [main] DEBUG c.f.o.d.P.selectUnAuditPreItemProcurementCountByMap - <==      Total: 1
12:37:09.814 [main] DEBUG c.f.o.d.P.selectUnAuditPreItemProcurementCountByMap - ooo Using Connection [ProxyConnection[PooledConnection[com.mysql.jdbc.JDBC4Connection@757f675c]]]
12:37:09.818 [main] DEBUG c.f.o.d.P.selectUnAuditPreItemProcurementCountByMap - ==>  Preparing: select count(*) from t_pre_item_procurement where audit_time is null and staff_id=? and item_type_id=? and item_name=? and item_id=? and pre_time>=? and pre_time<=? 
12:37:09.839 [main] DEBUG c.f.o.d.P.selectUnAuditPreItemProcurementCountByMap - ==> Parameters: (String), 1(String), 1(String), 1(String), 2016-05-03 00:00:00.0(Timestamp), 2016-05-03 00:00:00.0(Timestamp)
12:37:09.847 [main] DEBUG c.f.o.d.P.selectUnAuditPreItemProcurementCountByMap - <==      Total: 1
12:39:37.752 [main] DEBUG c.f.o.d.P.selectUnAuditPreItemProcurementCountByMap - ooo Using Connection [ProxyConnection[PooledConnection[com.mysql.jdbc.JDBC4Connection@757f675c]]]
12:39:37.756 [main] DEBUG c.f.o.d.P.selectUnAuditPreItemProcurementCountByMap - ==>  Preparing: select count(*) from t_pre_item_procurement where audit_time is null and staff_id=? and item_type_id=? and item_name=? and item_id=? and pre_time>=? and pre_time<=? 
12:39:37.776 [main] DEBUG c.f.o.d.P.selectUnAuditPreItemProcurementCountByMap - ==> Parameters: (String), 1(String), 1(String), 1(String), 2016-05-03 00:00:00.0(Timestamp), 2016-05-15 00:00:00.0(Timestamp)
12:39:37.784 [main] DEBUG c.f.o.d.P.selectUnAuditPreItemProcurementCountByMap - <==      Total: 1
12:41:28.778 [main] DEBUG c.f.o.d.P.selectUnAuditPreItemProcurementCountByMap - ooo Using Connection [ProxyConnection[PooledConnection[com.mysql.jdbc.JDBC4Connection@757f675c]]]
12:41:28.782 [main] DEBUG c.f.o.d.P.selectUnAuditPreItemProcurementCountByMap - ==>  Preparing: select count(*) from t_pre_item_procurement where audit_time is null and staff_id=? and item_type_id=? and item_name=? and item_id=? and pre_time>=? and pre_time<=? 
12:41:28.800 [main] DEBUG c.f.o.d.P.selectUnAuditPreItemProcurementCountByMap - ==> Parameters: (String), 1(String), 1(String), 1(String), 2016-05-03 00:00:00.0(Timestamp), 2016-05-20 00:00:00.0(Timestamp)
12:41:28.818 [main] DEBUG c.f.o.d.P.selectUnAuditPreItemProcurementCountByMap - <==      Total: 1
12:44:13.047 [main] DEBUG c.f.o.d.P.selectUnAuditPreItemProcurementCountByMap - ooo Using Connection [ProxyConnection[PooledConnection[com.mysql.jdbc.JDBC4Connection@757f675c]]]
12:44:13.052 [main] DEBUG c.f.o.d.P.selectUnAuditPreItemProcurementCountByMap - ==>  Preparing: select count(*) from t_pre_item_procurement where audit_time is null and staff_id=? and item_type_id=? and item_name like CONCAT('%',?,'%') and item_id=? and pre_time>=? and pre_time<=? 
12:44:13.074 [main] DEBUG c.f.o.d.P.selectUnAuditPreItemProcurementCountByMap - ==> Parameters: (String), 1(String), 1(String), 1(String), 2016-05-03 00:00:00.0(Timestamp), 2016-05-30 00:00:00.0(Timestamp)
12:44:13.244 [main] DEBUG c.f.o.d.P.selectUnAuditPreItemProcurementCountByMap - <==      Total: 1
12:45:40.925 [main] DEBUG c.f.o.d.P.selectUnAuditPreItemProcurementCountByMap - ooo Using Connection [ProxyConnection[PooledConnection[com.mysql.jdbc.JDBC4Connection@757f675c]]]
12:45:40.929 [main] DEBUG c.f.o.d.P.selectUnAuditPreItemProcurementCountByMap - ==>  Preparing: select count(*) from t_pre_item_procurement where audit_time is null and staff_id=? and item_type_id=? and item_name like CONCAT('%',?,'%') and item_id=? and pre_time>=? and pre_time<=? 
12:45:40.948 [main] DEBUG c.f.o.d.P.selectUnAuditPreItemProcurementCountByMap - ==> Parameters: 1(String), 1(String), 1(String), 1(String), 2016-05-03 00:00:00.0(Timestamp), 2016-05-30 00:00:00.0(Timestamp)
12:45:40.956 [main] DEBUG c.f.o.d.P.selectUnAuditPreItemProcurementCountByMap - <==      Total: 1
12:46:22.965 [main] DEBUG c.f.o.d.P.selectUnAuditPreItemProcurementCountByMap - ooo Using Connection [ProxyConnection[PooledConnection[com.mysql.jdbc.JDBC4Connection@757f675c]]]
12:46:22.968 [main] DEBUG c.f.o.d.P.selectUnAuditPreItemProcurementCountByMap - ==>  Preparing: select count(*) from t_pre_item_procurement where audit_time is null and staff_id=? and item_type_id=? and item_name like CONCAT('%',?,'%') and item_id=? and pre_time>=? and pre_time<=? 
12:46:22.987 [main] DEBUG c.f.o.d.P.selectUnAuditPreItemProcurementCountByMap - ==> Parameters: 1(String), 1(String), 物品名称(String), 1(String), 2016-05-03 00:00:00.0(Timestamp), 2016-05-30 00:00:00.0(Timestamp)
12:46:22.994 [main] DEBUG c.f.o.d.P.selectUnAuditPreItemProcurementCountByMap - <==      Total: 1
12:46:22.999 [main] DEBUG c.f.o.d.P.selectUnAuditPreItemProcurementByMap - ooo Using Connection [ProxyConnection[PooledConnection[com.mysql.jdbc.JDBC4Connection@757f675c]]]
12:46:22.999 [main] DEBUG c.f.o.d.P.selectUnAuditPreItemProcurementByMap - ==>  Preparing: select t_pre_item_procurement.*,t_item_type.name as itemTypeName,t_measure_unit.name as measureUnitName,staff_name as staffName from t_pre_item_procurement,t_item_type,t_measure_unit where audit_time is null and t_item_type.name=(select name from t_item_type where id=t_pre_item_procurement.item_type_id) and t_measure_unit.name=(select name from t_measure_unit where id=t_pre_item_procurement.measure_unit_id) and staff_name=(select staff_name from t_staff where id=t_pre_item_procurement.staff_id) and staff_id=? and item_type_id=? and item_name like CONCAT('%',?,'%') and item_id=? and pre_time>=? and pre_time<=? order by pre_time, num desc limit ?,? 
12:46:23.000 [main] DEBUG c.f.o.d.P.selectUnAuditPreItemProcurementByMap - ==> Parameters: 1(String), 1(String), 物品名称(String), 1(String), 2016-05-03 00:00:00.0(Timestamp), 2016-05-30 00:00:00.0(Timestamp), 0(Integer), 1(Integer)
12:47:26.330 [main] DEBUG c.f.o.d.P.selectUnAuditPreItemProcurementCountByMap - ooo Using Connection [ProxyConnection[PooledConnection[com.mysql.jdbc.JDBC4Connection@757f675c]]]
12:47:26.335 [main] DEBUG c.f.o.d.P.selectUnAuditPreItemProcurementCountByMap - ==>  Preparing: select count(*) from t_pre_item_procurement where audit_time is null and staff_id=? and item_type_id=? and item_name like CONCAT('%',?,'%') and item_id=? and pre_time>=? and pre_time<=? 
12:47:26.355 [main] DEBUG c.f.o.d.P.selectUnAuditPreItemProcurementCountByMap - ==> Parameters: 1(String), 1(String), 物品名称(String), 1(String), 2016-05-03 00:00:00.0(Timestamp), 2016-05-30 00:00:00.0(Timestamp)
12:47:26.363 [main] DEBUG c.f.o.d.P.selectUnAuditPreItemProcurementCountByMap - <==      Total: 1
12:47:26.368 [main] DEBUG c.f.o.d.P.selectUnAuditPreItemProcurementByMap - ooo Using Connection [ProxyConnection[PooledConnection[com.mysql.jdbc.JDBC4Connection@757f675c]]]
12:47:26.368 [main] DEBUG c.f.o.d.P.selectUnAuditPreItemProcurementByMap - ==>  Preparing: select t_pre_item_procurement.*,t_item_type.name as itemTypeName,t_measure_unit.name as measureUnitName,staff_name as staffName from t_pre_item_procurement,t_item_type,t_measure_unit where audit_time is null and t_item_type.name=(select name from t_item_type where id=t_pre_item_procurement.item_type_id) and t_measure_unit.name=(select name from t_measure_unit where id=t_pre_item_procurement.measure_unit_id) and staff_name=(select staff_name from t_staff where id=t_pre_item_procurement.staff_id) and staff_id=? and item_type_id=? and item_name like CONCAT('%',?,'%') and item_id=? and pre_time>=? and pre_time<=? order by pre_time, num desc limit ?,? 
12:47:26.369 [main] DEBUG c.f.o.d.P.selectUnAuditPreItemProcurementByMap - ==> Parameters: 1(String), 1(String), 物品名称(String), 1(String), 2016-05-03 00:00:00.0(Timestamp), 2016-05-30 00:00:00.0(Timestamp), 0(Integer), 1(Integer)
12:48:03.679 [main] DEBUG c.f.o.d.P.selectUnAuditPreItemProcurementCountByMap - ooo Using Connection [ProxyConnection[PooledConnection[com.mysql.jdbc.JDBC4Connection@757f675c]]]
12:48:03.683 [main] DEBUG c.f.o.d.P.selectUnAuditPreItemProcurementCountByMap - ==>  Preparing: select count(*) from t_pre_item_procurement where audit_time is null and staff_id=? and item_type_id=? and item_name like CONCAT('%',?,'%') and item_id=? and pre_time>=? and pre_time<=? 
12:48:03.701 [main] DEBUG c.f.o.d.P.selectUnAuditPreItemProcurementCountByMap - ==> Parameters: 1(String), 1(String), 物品名称(String), 1(String), 2016-05-03 00:00:00.0(Timestamp), 2016-05-30 00:00:00.0(Timestamp)
12:48:03.709 [main] DEBUG c.f.o.d.P.selectUnAuditPreItemProcurementCountByMap - <==      Total: 1
12:48:03.714 [main] DEBUG c.f.o.d.P.selectUnAuditPreItemProcurementByMap - ooo Using Connection [ProxyConnection[PooledConnection[com.mysql.jdbc.JDBC4Connection@757f675c]]]
12:48:03.714 [main] DEBUG c.f.o.d.P.selectUnAuditPreItemProcurementByMap - ==>  Preparing: select t_pre_item_procurement.*,t_item_type.name as itemTypeName,t_measure_unit.name as measureUnitName,staff_name as staffName from t_pre_item_procurement,t_item_type,t_measure_unit where audit_time is null and t_item_type.name=(select name from t_item_type where id=t_pre_item_procurement.item_type_id) and t_measure_unit.name=(select name from t_measure_unit where id=t_pre_item_procurement.measure_unit_id) and staff_name=(select staff_name from t_staff where id=t_pre_item_procurement.staff_id) and staff_id=? and item_type_id=? and item_name like CONCAT('%',?,'%') and item_id=? and pre_time>=? and pre_time<=? order by pre_time, num desc limit ?,? 
12:48:03.715 [main] DEBUG c.f.o.d.P.selectUnAuditPreItemProcurementByMap - ==> Parameters: 1(String), 1(String), 物品名称(String), 1(String), 2016-05-03 00:00:00.0(Timestamp), 2016-05-30 00:00:00.0(Timestamp), 0(Integer), 1(Integer)
12:48:29.045 [main] DEBUG c.f.o.d.P.selectUnAuditPreItemProcurementCountByMap - ooo Using Connection [ProxyConnection[PooledConnection[com.mysql.jdbc.JDBC4Connection@757f675c]]]
12:48:29.050 [main] DEBUG c.f.o.d.P.selectUnAuditPreItemProcurementCountByMap - ==>  Preparing: select count(*) from t_pre_item_procurement where audit_time is null and staff_id=? and item_type_id=? and item_name like CONCAT('%',?,'%') and item_id=? and pre_time>=? and pre_time<=? 
12:48:29.069 [main] DEBUG c.f.o.d.P.selectUnAuditPreItemProcurementCountByMap - ==> Parameters: 1(String), 1(String), 物品名称(String), 1(String), 2016-05-03 00:00:00.0(Timestamp), 2016-05-30 00:00:00.0(Timestamp)
12:48:29.077 [main] DEBUG c.f.o.d.P.selectUnAuditPreItemProcurementCountByMap - <==      Total: 1
12:48:29.083 [main] DEBUG c.f.o.d.P.selectUnAuditPreItemProcurementByMap - ooo Using Connection [ProxyConnection[PooledConnection[com.mysql.jdbc.JDBC4Connection@757f675c]]]
12:48:29.083 [main] DEBUG c.f.o.d.P.selectUnAuditPreItemProcurementByMap - ==>  Preparing: select t_pre_item_procurement.*,t_item_type.name as itemTypeName,t_measure_unit.name as measureUnitName,staff_name as staffName from t_pre_item_procurement,t_item_type,t_measure_unit where audit_time is null and t_item_type.name=(select name from t_item_type where id=t_pre_item_procurement.item_type_id) and t_measure_unit.name=(select name from t_measure_unit where id=t_pre_item_procurement.measure_unit_id) and staff_name=(select staff_name from t_staff where id=t_pre_item_procurement.staff_id) and staff_id=? and item_type_id=? and item_name like CONCAT('%',?,'%') and item_id=? and pre_time>=? and pre_time<=? order by pre_time, num desc limit ?,? 
12:48:29.084 [main] DEBUG c.f.o.d.P.selectUnAuditPreItemProcurementByMap - ==> Parameters: 1(String), 1(String), 物品名称(String), 1(String), 2016-05-03 00:00:00.0(Timestamp), 2016-05-30 00:00:00.0(Timestamp), 0(Integer), 1(Integer)
12:51:21.201 [main] DEBUG c.f.o.d.P.selectUnAuditPreItemProcurementCountByMap - ooo Using Connection [ProxyConnection[PooledConnection[com.mysql.jdbc.JDBC4Connection@757f675c]]]
12:51:21.205 [main] DEBUG c.f.o.d.P.selectUnAuditPreItemProcurementCountByMap - ==>  Preparing: select count(*) from t_pre_item_procurement where audit_time is null and staff_id=? and item_type_id=? and item_name like CONCAT('%',?,'%') and item_id=? and pre_time>=? and pre_time<=? 
12:51:21.223 [main] DEBUG c.f.o.d.P.selectUnAuditPreItemProcurementCountByMap - ==> Parameters: 1(String), 1(String), 物品名称(String), 1(String), 2016-05-03 00:00:00.0(Timestamp), 2016-05-30 00:00:00.0(Timestamp)
12:51:21.230 [main] DEBUG c.f.o.d.P.selectUnAuditPreItemProcurementCountByMap - <==      Total: 1
12:51:21.235 [main] DEBUG c.f.o.d.P.selectUnAuditPreItemProcurementByMap - ooo Using Connection [ProxyConnection[PooledConnection[com.mysql.jdbc.JDBC4Connection@757f675c]]]
12:51:21.236 [main] DEBUG c.f.o.d.P.selectUnAuditPreItemProcurementByMap - ==>  Preparing: select t_pre_item_procurement.*,t_item_type.name as itemTypeName,t_measure_unit.name as measureUnitName,staff_name as staffName from t_pre_item_procurement,t_item_type,t_measure_unit where audit_time is null and t_item_type.name=(select name from t_item_type where id=t_pre_item_procurement.item_type_id) and t_measure_unit.name=(select name from t_measure_unit where id=t_pre_item_procurement.measure_unit_id) and staff_name=(select staff_name from t_staff where id=t_pre_item_procurement.staff_id) and staff_id=? and item_type_id=? and item_name like CONCAT('%',?,'%') and item_id=? and pre_time>=? and pre_time<=? order by pre_time, num desc limit ?,? 
12:51:21.237 [main] DEBUG c.f.o.d.P.selectUnAuditPreItemProcurementByMap - ==> Parameters: 1(String), 1(String), 物品名称(String), 1(String), 2016-05-03 00:00:00.0(Timestamp), 2016-05-30 00:00:00.0(Timestamp), 0(Integer), 1(Integer)
12:34:02.624 [main] DEBUG c.f.o.d.I.selectUnInStorageItemProcurementCount - ooo Using Connection [ProxyConnection[PooledConnection[com.mysql.jdbc.JDBC4Connection@3d85fdbe]]]
12:34:02.628 [main] DEBUG c.f.o.d.I.selectUnInStorageItemProcurementCount - ==>  Preparing: select count(*) from t_item_procurement where is_in_storage=0 
12:34:02.645 [main] DEBUG c.f.o.d.I.selectUnInStorageItemProcurementCount - ==> Parameters: 
12:34:02.655 [main] DEBUG c.f.o.d.I.selectUnInStorageItemProcurementCount - <==      Total: 1
12:34:02.662 [main] DEBUG c.f.o.d.I.selectUnInStorageItemProcurement - ooo Using Connection [ProxyConnection[PooledConnection[com.mysql.jdbc.JDBC4Connection@3d85fdbe]]]
12:34:02.663 [main] DEBUG c.f.o.d.I.selectUnInStorageItemProcurement - ==>  Preparing: select t_item_procurement.*,t_item_type.name as itemTypeName,short_name as supplierName,t_staff.name as staffName,t_measure_unit.name as measureUnitName FROM t_item_procurement,t_item_type,t_staff,t_supplier,t_measure_unit where is_in_storage=0 and t_item_type.name= (select name from t_item_type where id=item_type_id) and short_name=(select short_name from t_supplier where id=supplier_id)and t_staff.name=(select name from t_staff where id=staff_id)and t_measure_unit.name=(select name from t_measure_unit where id=measure_unit_id) order by time desc limit ?,? 
12:34:02.663 [main] DEBUG c.f.o.d.I.selectUnInStorageItemProcurement - ==> Parameters: 0(Integer), 1(Integer)
12:34:36.401 [main] DEBUG c.f.o.d.I.selectAllInStrorageTypes - ooo Using Connection [ProxyConnection[PooledConnection[com.mysql.jdbc.JDBC4Connection@2f42b4dd]]]
12:34:36.406 [main] DEBUG c.f.o.d.I.selectAllInStrorageTypes - ==>  Preparing: select * from t_in_storage_type 
12:34:36.423 [main] DEBUG c.f.o.d.I.selectAllInStrorageTypes - ==> Parameters: 
12:34:36.433 [main] DEBUG c.f.o.d.I.selectAllInStrorageTypes - <==      Total: 3
