01:23:39.798 [main] DEBUG c.f.o.d.I.selectTableKeyByTableName - ooo Using Connection [ProxyConnection[PooledConnection[com.mysql.jdbc.JDBC4Connection@4bcc2c10]]]
01:23:39.811 [main] DEBUG c.f.o.d.I.selectTableKeyByTableName - ==>  Preparing: select table_key from t_sys_table_key where table_name = ? 
01:23:39.863 [main] DEBUG c.f.o.d.I.selectTableKeyByTableName - ==> Parameters: outStorageCheckIn(String)
01:23:39.930 [main] DEBUG c.f.o.d.I.selectTableKeyByTableName - <==      Total: 0
01:28:59.959 [main] DEBUG c.f.o.d.I.selectTableKeyByTableName - ooo Using Connection [ProxyConnection[PooledConnection[com.mysql.jdbc.JDBC4Connection@67e6a3b9]]]
01:28:59.970 [main] DEBUG c.f.o.d.I.selectTableKeyByTableName - ==>  Preparing: select table_key from t_sys_table_key where table_name = ? 
01:29:00.014 [main] DEBUG c.f.o.d.I.selectTableKeyByTableName - ==> Parameters: outStorageCheckIn(String)
01:29:00.038 [main] DEBUG c.f.o.d.I.selectTableKeyByTableName - <==      Total: 1
01:29:00.106 [main] DEBUG c.f.o.d.I.updateByPrimaryKeySelective - ooo Using Connection [ProxyConnection[PooledConnection[com.mysql.jdbc.JDBC4Connection@67e6a3b9]]]
01:29:00.106 [main] DEBUG c.f.o.d.I.updateByPrimaryKeySelective - ==>  Preparing: update t_sys_table_key SET table_key = ? where table_name = ? 
01:29:00.107 [main] DEBUG c.f.o.d.I.updateByPrimaryKeySelective - ==> Parameters: os001605180001(String), outStorageCheckIn(String)
01:29:00.146 [main] DEBUG c.f.o.d.I.updateByPrimaryKeySelective - <==    Updates: 1
01:40:47.083 [main] DEBUG c.f.o.d.I.selectTableKeyByTableName - ooo Using Connection [ProxyConnection[PooledConnection[com.mysql.jdbc.JDBC4Connection@1e2b213f]]]
01:40:47.094 [main] DEBUG c.f.o.d.I.selectTableKeyByTableName - ==>  Preparing: select table_key from t_sys_table_key where table_name = ? 
01:40:47.138 [main] DEBUG c.f.o.d.I.selectTableKeyByTableName - ==> Parameters: outStorageCheckIn(String)
01:40:47.161 [main] DEBUG c.f.o.d.I.selectTableKeyByTableName - <==      Total: 1
01:40:47.223 [main] DEBUG c.f.o.d.I.updateByPrimaryKeySelective - ooo Using Connection [ProxyConnection[PooledConnection[com.mysql.jdbc.JDBC4Connection@1e2b213f]]]
01:40:47.223 [main] DEBUG c.f.o.d.I.updateByPrimaryKeySelective - ==>  Preparing: update t_sys_table_key SET table_key = ? where table_name = ? 
01:40:47.224 [main] DEBUG c.f.o.d.I.updateByPrimaryKeySelective - ==> Parameters: os001605180001(String), outStorageCheckIn(String)
01:40:47.224 [main] DEBUG c.f.o.d.I.updateByPrimaryKeySelective - <==    Updates: 1
01:42:38.069 [main] DEBUG c.f.o.d.I.selectTableKeyByTableName - ooo Using Connection [ProxyConnection[PooledConnection[com.mysql.jdbc.JDBC4Connection@218f83c2]]]
01:42:38.079 [main] DEBUG c.f.o.d.I.selectTableKeyByTableName - ==>  Preparing: select table_key from t_sys_table_key where table_name = ? 
01:42:38.123 [main] DEBUG c.f.o.d.I.selectTableKeyByTableName - ==> Parameters: outStorageCheckIn(String)
01:42:38.147 [main] DEBUG c.f.o.d.I.selectTableKeyByTableName - <==      Total: 1
01:42:38.198 [main] DEBUG c.f.o.d.I.updateByPrimaryKeySelective - ooo Using Connection [ProxyConnection[PooledConnection[com.mysql.jdbc.JDBC4Connection@218f83c2]]]
01:42:38.198 [main] DEBUG c.f.o.d.I.updateByPrimaryKeySelective - ==>  Preparing: update t_sys_table_key SET table_key = ? where table_name = ? 
01:42:38.199 [main] DEBUG c.f.o.d.I.updateByPrimaryKeySelective - ==> Parameters: os001605180001(String), outStorageCheckIn(String)
01:42:38.200 [main] DEBUG c.f.o.d.I.updateByPrimaryKeySelective - <==    Updates: 1
01:42:38.200 [main] DEBUG c.f.o.d.O.insertOutStorageCheckIn - ooo Using Connection [ProxyConnection[PooledConnection[com.mysql.jdbc.JDBC4Connection@218f83c2]]]
01:42:38.201 [main] DEBUG c.f.o.d.O.insertOutStorageCheckIn - ==>  Preparing: insert into t_out_storage_check_in(id,out_storage_type_id,recipienter,department_id,operater_id,apply_id,total_number,total_monney,remark) values (?,?,?, ?,?,?,?,?,?) 
01:42:38.202 [main] DEBUG c.f.o.d.O.insertOutStorageCheckIn - ==> Parameters: os001605180001(String), 1(Short), 1(String), 1(String), 2(String), 1_2_3(String), 20(Long), 1000.0(Double), 备注(String)
01:42:38.232 [main] DEBUG c.f.o.d.O.insertOutStorageCheckIn - <==    Updates: 1
01:42:38.275 [main] DEBUG c.f.o.d.D.insertDepartmentRecipientSummary - ooo Using Connection [ProxyConnection[PooledConnection[com.mysql.jdbc.JDBC4Connection@218f83c2]]]
01:42:38.275 [main] DEBUG c.f.o.d.D.insertDepartmentRecipientSummary - ==>  Preparing: insert into t_department_recipient_summary(id,department_id,out_storage_check_in_id,item_id, item_name,spec,item_type_id,measure_unit_id,number,price,monney,out_storage_id,remark) values(?,?,?,?,?,?,?,?, ?,?,?,?,?) 
